#
# There is insufficient memory for the Java Runtime Environment to continue.
# Native memory allocation (mmap) failed to map 104861696 bytes for committing reserved memory.
# Possible reasons:
#   The system is out of physical RAM or swap space
#   In 32 bit mode, the process size limit was hit
# Possible solutions:
#   Reduce memory load on the system
#   Increase physical memory or swap space
#   Check if swap backing store is full
#   Use 64 bit Java on a 64 bit OS
#   Decrease Java heap size (-Xmx/-Xms)
#   Decrease number of Java threads
#   Decrease Java thread stack sizes (-Xss)
#   Set larger code cache with -XX:ReservedCodeCacheSize=
# This output file may be truncated or incomplete.
#
#  Out of Memory Error (os_linux.cpp:2673), pid=31527, tid=140577472714496
#
# JRE version: OpenJDK Runtime Environment (8.0_51-b16) (build 1.8.0_51-b16)
# Java VM: OpenJDK 64-Bit Server VM (25.51-b03 mixed mode linux-amd64 compressed oops)
# Failed to write core dump. Core dumps have been disabled. To enable core dumping, try "ulimit -c unlimited" before starting Java again
#

---------------  T H R E A D  ---------------

Current thread (0x00007fdab807f800):  VMThread [stack: 0x00007fdabe431000,0x00007fdabe532000] [id=31534]

Stack: [0x00007fdabe431000,0x00007fdabe532000],  sp=0x00007fdabe530290,  free space=1020k
Native frames: (J=compiled Java code, j=interpreted, Vv=VM code, C=native code)
V  [libjvm.so+0xa1db4e]
V  [libjvm.so+0x4d12d9]
V  [libjvm.so+0x891823]
V  [libjvm.so+0x891bc9]
V  [libjvm.so+0x88ab0a]
V  [libjvm.so+0xa19d24]
V  [libjvm.so+0x5bc5c5]
V  [libjvm.so+0x5bc94c]
V  [libjvm.so+0x5bc9de]
V  [libjvm.so+0x5bc720]
V  [libjvm.so+0x462c40]
V  [libjvm.so+0x463486]
V  [libjvm.so+0xa1eaa5]
V  [libjvm.so+0xa25e42]
V  [libjvm.so+0xa242e5]
V  [libjvm.so+0xa24773]
V  [libjvm.so+0xa24c42]
V  [libjvm.so+0x894e72]

VM_Operation (0x00007fdabcb090e0): GenCollectForAllocation, mode: safepoint, requested by thread 0x00007fda8c70b000


---------------  P R O C E S S  ---------------

Java Threads: ( => current thread )
  0x00007fda88619000 JavaThread "communication thread" daemon [_thread_blocked, id=31570, stack(0x00007fdabc709000,0x00007fdabc80a000)]
  0x00007fda8c70b000 JavaThread "LocalJobRunner Map Task Executor #0" [_thread_blocked, id=31569, stack(0x00007fdabca0a000,0x00007fdabcb0b000)]
  0x00007fdab86e9000 JavaThread "Thread-12" [_thread_blocked, id=31568, stack(0x00007fdabd27b000,0x00007fdabd37c000)]
  0x00007fdab8621000 JavaThread "process reaper" daemon [_thread_blocked, id=31544, stack(0x00007fdabd37c000,0x00007fdabd3b5000)]
  0x00007fdab80c9000 JavaThread "Service Thread" daemon [_thread_blocked, id=31540, stack(0x00007fdabde2b000,0x00007fdabdf2c000)]
  0x00007fdab80c6000 JavaThread "C1 CompilerThread1" daemon [_thread_blocked, id=31539, stack(0x00007fdabdf2c000,0x00007fdabe02d000)]
  0x00007fdab80b9000 JavaThread "C2 CompilerThread0" daemon [_thread_blocked, id=31538, stack(0x00007fdabe02d000,0x00007fdabe12e000)]
  0x00007fdab80b7000 JavaThread "Signal Dispatcher" daemon [_thread_blocked, id=31537, stack(0x00007fdabe12e000,0x00007fdabe22f000)]
  0x00007fdab8086800 JavaThread "Finalizer" daemon [_thread_blocked, id=31536, stack(0x00007fdabe22f000,0x00007fdabe330000)]
  0x00007fdab8084800 JavaThread "Reference Handler" daemon [_thread_blocked, id=31535, stack(0x00007fdabe330000,0x00007fdabe431000)]
  0x00007fdab800d800 JavaThread "main" [_thread_blocked, id=31533, stack(0x00007fdabfde9000,0x00007fdabfeea000)]

Other Threads:
=>0x00007fdab807f800 VMThread [stack: 0x00007fdabe431000,0x00007fdabe532000] [id=31534]
  0x00007fdab80cc000 WatcherThread [stack: 0x00007fdabdd2a000,0x00007fdabde2b000] [id=31541]

VM state:at safepoint (normal execution)

VM Mutex/Monitor currently owned by a thread:  ([mutex/lock_event])
[0x00007fdab800b170] Threads_lock - owner thread: 0x00007fdab807f800
[0x00007fdab800b670] Heap_lock - owner thread: 0x00007fda8c70b000

Heap:
 def new generation   total 9280K, used 0K [0x00000000e2a00000, 0x00000000e3410000, 0x00000000ec6a0000)
  eden space 8256K,   0% used [0x00000000e2a00000, 0x00000000e2a00000, 0x00000000e3210000)
  from space 1024K,   0% used [0x00000000e3210000, 0x00000000e3210000, 0x00000000e3310000)
  to   space 1024K,   0% used [0x00000000e3310000, 0x00000000e3310000, 0x00000000e3410000)
 tenured generation   total 20480K, used 5584K [0x00000000ec6a0000, 0x00000000edaa0000, 0x0000000100000000)
   the space 20480K,  27% used [0x00000000ec6a0000, 0x00000000ecc142b8, 0x00000000ecc14400, 0x00000000edaa0000)
 Metaspace       used 13867K, capacity 14136K, committed 14464K, reserved 1062912K
  class space    used 1475K, capacity 1550K, committed 1664K, reserved 1048576K

Card table byte_map: [0x00007fdabf0e2000,0x00007fdabf1ce000] byte_map_base: 0x00007fdabe9cd000

Polling page: 0x00007fdac0e0a000

CodeCache: size=245760Kb used=4915Kb max_used=4915Kb free=240844Kb
 bounds [0x00007fdaa9000000, 0x00007fdaa94d0000, 0x00007fdab8000000]
 total_blobs=1793 nmethods=1420 adapters=288
 compilation: enabled

Compilation events (10 events):
Event: 3.396 Thread 0x00007fdab80c6000 1432       2       java.util.regex.Matcher::group (112 bytes)
Event: 3.397 Thread 0x00007fdab80c6000 nmethod 1432 0x00007fdaa94cbc90 code [0x00007fdaa94cbe80, 0x00007fdaa94cc3b8]
Event: 3.404 Thread 0x00007fdab80c6000 1433  s    2       org.apache.hadoop.conf.Configuration::getProps (131 bytes)
Event: 3.404 Thread 0x00007fdab80c6000 nmethod 1433 0x00007fdaa94cc750 code [0x00007fdaa94cc9a0, 0x00007fdaa94cd130]
Event: 3.413 Thread 0x00007fdab80c6000 1434       2       org.apache.log4j.helpers.PatternConverter::format (127 bytes)
Event: 3.414 Thread 0x00007fdab80c6000 nmethod 1434 0x00007fdaa94cd790 code [0x00007fdaa94cd980, 0x00007fdaa94ce358]
Event: 3.414 Thread 0x00007fdab80c6000 1435       2       org.apache.log4j.helpers.PatternParser$LiteralPatternConverter::format (10 bytes)
Event: 3.414 Thread 0x00007fdab80c6000 nmethod 1435 0x00007fdaa94ce7d0 code [0x00007fdaa94ce940, 0x00007fdaa94cec60]
Event: 3.418 Thread 0x00007fdab80c6000 1436       2       java.util.WeakHashMap::get (77 bytes)
Event: 3.419 Thread 0x00007fdab80c6000 nmethod 1436 0x00007fdaa94ced90 code [0x00007fdaa94cef20, 0x00007fdaa94cf200]

GC Heap History (10 events):
Event: 1.979 GC heap before
{Heap before GC invocations=2 (full 0):
 def new generation   total 9216K, used 9215K [0x00000000e2a00000, 0x00000000e3400000, 0x00000000ec6a0000)
  eden space 8192K, 100% used [0x00000000e2a00000, 0x00000000e3200000, 0x00000000e3200000)
  from space 1024K,  99% used [0x00000000e3200000, 0x00000000e32ffff8, 0x00000000e3300000)
  to   space 1024K,   0% used [0x00000000e3300000, 0x00000000e3300000, 0x00000000e3400000)
 tenured generation   total 20480K, used 2467K [0x00000000ec6a0000, 0x00000000edaa0000, 0x0000000100000000)
   the space 20480K,  12% used [0x00000000ec6a0000, 0x00000000ec908dd0, 0x00000000ec908e00, 0x00000000edaa0000)
 Metaspace       used 10274K, capacity 10470K, committed 10624K, reserved 1058816K
  class space    used 1062K, capacity 1143K, committed 1152K, reserved 1048576K
Event: 1.984 GC heap after
Heap after GC invocations=3 (full 0):
 def new generation   total 9216K, used 1024K [0x00000000e2a00000, 0x00000000e3400000, 0x00000000ec6a0000)
  eden space 8192K,   0% used [0x00000000e2a00000, 0x00000000e2a00000, 0x00000000e3200000)
  from space 1024K, 100% used [0x00000000e3300000, 0x00000000e3400000, 0x00000000e3400000)
  to   space 1024K,   0% used [0x00000000e3200000, 0x00000000e3200000, 0x00000000e3300000)
 tenured generation   total 20480K, used 3173K [0x00000000ec6a0000, 0x00000000edaa0000, 0x0000000100000000)
   the space 20480K,  15% used [0x00000000ec6a0000, 0x00000000ec9b9500, 0x00000000ec9b9600, 0x00000000edaa0000)
 Metaspace       used 10274K, capacity 10470K, committed 10624K, reserved 1058816K
  class space    used 1062K, capacity 1143K, committed 1152K, reserved 1048576K
}
Event: 2.522 GC heap before
{Heap before GC invocations=3 (full 0):
 def new generation   total 9216K, used 9216K [0x00000000e2a00000, 0x00000000e3400000, 0x00000000ec6a0000)
  eden space 8192K, 100% used [0x00000000e2a00000, 0x00000000e3200000, 0x00000000e3200000)
  from space 1024K, 100% used [0x00000000e3300000, 0x00000000e3400000, 0x00000000e3400000)
  to   space 1024K,   0% used [0x00000000e3200000, 0x00000000e3200000, 0x00000000e3300000)
 tenured generation   total 20480K, used 3173K [0x00000000ec6a0000, 0x00000000edaa0000, 0x0000000100000000)
   the space 20480K,  15% used [0x00000000ec6a0000, 0x00000000ec9b9500, 0x00000000ec9b9600, 0x00000000edaa0000)
 Metaspace       used 11931K, capacity 12192K, committed 12416K, reserved 1060864K
  class space    used 1258K, capacity 1354K, committed 1408K, reserved 1048576K
Event: 2.527 GC heap after
Heap after GC invocations=4 (full 0):
 def new generation   total 9216K, used 1023K [0x00000000e2a00000, 0x00000000e3400000, 0x00000000ec6a0000)
  eden space 8192K,   0% used [0x00000000e2a00000, 0x00000000e2a00000, 0x00000000e3200000)
  from space 1024K,  99% used [0x00000000e3200000, 0x00000000e32ffff8, 0x00000000e3300000)
  to   space 1024K,   0% used [0x00000000e3300000, 0x00000000e3300000, 0x00000000e3400000)
 tenured generation   total 20480K, used 3964K [0x00000000ec6a0000, 0x00000000edaa0000, 0x0000000100000000)
   the space 20480K,  19% used [0x00000000ec6a0000, 0x00000000eca7f1c0, 0x00000000eca7f200, 0x00000000edaa0000)
 Metaspace       used 11931K, capacity 12192K, committed 12416K, reserved 1060864K
  class space    used 1258K, capacity 1354K, committed 1408K, reserved 1048576K
}
Event: 2.988 GC heap before
{Heap before GC invocations=4 (full 0):
 def new generation   total 9216K, used 9215K [0x00000000e2a00000, 0x00000000e3400000, 0x00000000ec6a0000)
  eden space 8192K, 100% used [0x00000000e2a00000, 0x00000000e3200000, 0x00000000e3200000)
  from space 1024K,  99% used [0x00000000e3200000, 0x00000000e32ffff8, 0x00000000e3300000)
  to   space 1024K,   0% used [0x00000000e3300000, 0x00000000e3300000, 0x00000000e3400000)
 tenured generation   total 20480K, used 3964K [0x00000000ec6a0000, 0x00000000edaa0000, 0x0000000100000000)
   the space 20480K,  19% used [0x00000000ec6a0000, 0x00000000eca7f1c0, 0x00000000eca7f200, 0x00000000edaa0000)
 Metaspace       used 12975K, capacity 13240K, committed 13568K, reserved 1060864K
  class space    used 1367K, capacity 1422K, committed 1536K, reserved 1048576K
Event: 2.993 GC heap after
Heap after GC invocations=5 (full 0):
 def new generation   total 9216K, used 1023K [0x00000000e2a00000, 0x00000000e3400000, 0x00000000ec6a0000)
  eden space 8192K,   0% used [0x00000000e2a00000, 0x00000000e2a00000, 0x00000000e3200000)
  from space 1024K,  99% used [0x00000000e3300000, 0x00000000e33fffd8, 0x00000000e3400000)
  to   space 1024K,   0% used [0x00000000e3200000, 0x00000000e3200000, 0x00000000e3300000)
 tenured generation   total 20480K, used 4609K [0x00000000ec6a0000, 0x00000000edaa0000, 0x0000000100000000)
   the space 20480K,  22% used [0x00000000ec6a0000, 0x00000000ecb20418, 0x00000000ecb20600, 0x00000000edaa0000)
 Metaspace       used 12975K, capacity 13240K, committed 13568K, reserved 1060864K
  class space    used 1367K, capacity 1422K, committed 1536K, reserved 1048576K
}
Event: 3.191 GC heap before
{Heap before GC invocations=5 (full 0):
 def new generation   total 9216K, used 9215K [0x00000000e2a00000, 0x00000000e3400000, 0x00000000ec6a0000)
  eden space 8192K, 100% used [0x00000000e2a00000, 0x00000000e3200000, 0x00000000e3200000)
  from space 1024K,  99% used [0x00000000e3300000, 0x00000000e33fffd8, 0x00000000e3400000)
  to   space 1024K,   0% used [0x00000000e3200000, 0x00000000e3200000, 0x00000000e3300000)
 tenured generation   total 20480K, used 4609K [0x00000000ec6a0000, 0x00000000edaa0000, 0x0000000100000000)
   the space 20480K,  22% used [0x00000000ec6a0000, 0x00000000ecb20418, 0x00000000ecb20600, 0x00000000edaa0000)
 Metaspace       used 13232K, capacity 13464K, committed 13824K, reserved 1060864K
  class space    used 1398K, capacity 1454K, committed 1536K, reserved 1048576K
Event: 3.194 GC heap after
Heap after GC invocations=6 (full 0):
 def new generation   total 9216K, used 522K [0x00000000e2a00000, 0x00000000e3400000, 0x00000000ec6a0000)
  eden space 8192K,   0% used [0x00000000e2a00000, 0x00000000e2a00000, 0x00000000e3200000)
  from space 1024K,  51% used [0x00000000e3200000, 0x00000000e3282b00, 0x00000000e3300000)
  to   space 1024K,   0% used [0x00000000e3300000, 0x00000000e3300000, 0x00000000e3400000)
 tenured generation   total 20480K, used 5339K [0x00000000ec6a0000, 0x00000000edaa0000, 0x0000000100000000)
   the space 20480K,  26% used [0x00000000ec6a0000, 0x00000000ecbd6eb8, 0x00000000ecbd7000, 0x00000000edaa0000)
 Metaspace       used 13232K, capacity 13464K, committed 13824K, reserved 1060864K
  class space    used 1398K, capacity 1454K, committed 1536K, reserved 1048576K
}
Event: 3.419 GC heap before
{Heap before GC invocations=6 (full 0):
 def new generation   total 9216K, used 6599K [0x00000000e2a00000, 0x00000000e3400000, 0x00000000ec6a0000)
  eden space 8192K,  74% used [0x00000000e2a00000, 0x00000000e2fef468, 0x00000000e3200000)
  from space 1024K,  51% used [0x00000000e3200000, 0x00000000e3282b00, 0x00000000e3300000)
  to   space 1024K,   0% used [0x00000000e3300000, 0x00000000e3300000, 0x00000000e3400000)
 tenured generation   total 20480K, used 5339K [0x00000000ec6a0000, 0x00000000edaa0000, 0x0000000100000000)
   the space 20480K,  26% used [0x00000000ec6a0000, 0x00000000ecbd6eb8, 0x00000000ecbd7000, 0x00000000edaa0000)
 Metaspace       used 13867K, capacity 14136K, committed 14464K, reserved 1062912K
  class space    used 1475K, capacity 1550K, committed 1664K, reserved 1048576K
Event: 3.443 GC heap after
Heap after GC invocations=7 (full 1):
 def new generation   total 9280K, used 0K [0x00000000e2a00000, 0x00000000e3410000, 0x00000000ec6a0000)
  eden space 8256K,   0% used [0x00000000e2a00000, 0x00000000e2a00000, 0x00000000e3210000)
  from space 1024K,   0% used [0x00000000e3210000, 0x00000000e3210000, 0x00000000e3310000)
  to   space 1024K,   0% used [0x00000000e3310000, 0x00000000e3310000, 0x00000000e3410000)
 tenured generation   total 20480K, used 5584K [0x00000000ec6a0000, 0x00000000edaa0000, 0x0000000100000000)
   the space 20480K,  27% used [0x00000000ec6a0000, 0x00000000ecc142b8, 0x00000000ecc14400, 0x00000000edaa0000)
 Metaspace       used 13867K, capacity 14136K, committed 14464K, reserved 1062912K
  class space    used 1475K, capacity 1550K, committed 1664K, reserved 1048576K
}

Deoptimization events (7 events):
Event: 0.175 Thread 0x00007fdab800d800 Uncommon trap: reason=unstable_if action=reinterpret pc=0x00007fdaa910989c method=java.lang.String.hashCode()I @ 14
Event: 0.325 Thread 0x00007fdab800d800 Uncommon trap: reason=unstable_if action=reinterpret pc=0x00007fdaa9123ac4 method=java.lang.String.indexOf(II)I @ 49
Event: 0.907 Thread 0x00007fdab800d800 Uncommon trap: reason=unstable_if action=reinterpret pc=0x00007fdaa9197f08 method=java.lang.String.indexOf([CII[CIII)I @ 3
Event: 2.012 Thread 0x00007fdab800d800 Uncommon trap: reason=unstable_if action=reinterpret pc=0x00007fdaa91e487c method=java.lang.String.replace(CC)Ljava/lang/String; @ 26
Event: 2.047 Thread 0x00007fdab800d800 Uncommon trap: reason=unstable_if action=reinterpret pc=0x00007fdaa92f16c0 method=com.sun.org.apache.xerces.internal.impl.XMLDocumentFragmentScannerImpl$FragmentContentDriver.next()I @ 75
Event: 2.889 Thread 0x00007fdab800d800 Uncommon trap: reason=unstable_if action=reinterpret pc=0x00007fdaa946edb8 method=java.nio.Buffer.hasRemaining()Z @ 8
Event: 3.176 Thread 0x00007fdab86e9000 Uncommon trap: reason=unstable_if action=reinterpret pc=0x00007fdaa9378c98 method=java.lang.AbstractStringBuilder.append(Ljava/lang/String;)Ljava/lang/AbstractStringBuilder; @ 1

Internal exceptions (10 events):
Event: 0.489 Thread 0x00007fdab800d800 Exception <a 'java/lang/ClassNotFoundException': java/lang/ObjectBeanInfo> (0x00000000e2f83e20) thrown at [/builddir/build/BUILD/java-1.8.0-openjdk-1.8.0.51-1.b16.el6_7.x86_64/openjdk/hotspot/src/share/vm/classfile/systemDictionary.cpp, line 210]
Event: 0.490 Thread 0x00007fdab800d800 Exception <a 'java/lang/ClassNotFoundException': java/lang/ObjectCustomizer> (0x00000000e2f8c8c0) thrown at [/builddir/build/BUILD/java-1.8.0-openjdk-1.8.0.51-1.b16.el6_7.x86_64/openjdk/hotspot/src/share/vm/classfile/systemDictionary.cpp, line 210]
Event: 0.497 Thread 0x00007fdab800d800 Exception <a 'java/lang/ArrayIndexOutOfBoundsException': 18> (0x00000000e2f8f138) thrown at [/builddir/build/BUILD/java-1.8.0-openjdk-1.8.0.51-1.b16.el6_7.x86_64/openjdk/hotspot/src/share/vm/interpreter/interpreterRuntime.cpp, line 366]
Event: 0.500 Thread 0x00007fdab800d800 Exception <a 'java/lang/ArrayIndexOutOfBoundsException': 22> (0x00000000e2f92438) thrown at [/builddir/build/BUILD/java-1.8.0-openjdk-1.8.0.51-1.b16.el6_7.x86_64/openjdk/hotspot/src/share/vm/interpreter/interpreterRuntime.cpp, line 366]
Event: 0.503 Thread 0x00007fdab800d800 Exception <a 'java/lang/ArrayIndexOutOfBoundsException'> (0x00000000e2f947e8) thrown at [/builddir/build/BUILD/java-1.8.0-openjdk-1.8.0.51-1.b16.el6_7.x86_64/openjdk/hotspot/src/share/vm/runtime/sharedRuntime.cpp, line 605]
Event: 0.511 Thread 0x00007fdab800d800 Exception <a 'java/lang/ClassNotFoundException': org/apache/log4j/LayoutCustomizer> (0x00000000e2faac48) thrown at [/builddir/build/BUILD/java-1.8.0-openjdk-1.8.0.51-1.b16.el6_7.x86_64/openjdk/hotspot/src/share/vm/classfile/systemDictionary.cpp, line 210]
Event: 0.514 Thread 0x00007fdab800d800 Exception <a 'java/lang/ClassNotFoundException': org/apache/log4j/PatternLayoutCustomizer> (0x00000000e2fd3248) thrown at [/builddir/build/BUILD/java-1.8.0-openjdk-1.8.0.51-1.b16.el6_7.x86_64/openjdk/hotspot/src/share/vm/classfile/systemDictionary.cpp, li
Event: 1.941 Thread 0x00007fdab800d800 Exception <a 'java/lang/NoSuchFieldError': method resolution failed> (0x00000000e3197a90) thrown at [/builddir/build/BUILD/java-1.8.0-openjdk-1.8.0.51-1.b16.el6_7.x86_64/openjdk/hotspot/src/share/vm/prims/methodHandles.cpp, line 1125]
Event: 1.943 Thread 0x00007fdab800d800 Exception <a 'java/lang/NoSuchFieldError': method resolution failed> (0x00000000e31a63c0) thrown at [/builddir/build/BUILD/java-1.8.0-openjdk-1.8.0.51-1.b16.el6_7.x86_64/openjdk/hotspot/src/share/vm/prims/methodHandles.cpp, line 1125]
Event: 3.175 Thread 0x00007fdab86e9000 Implicit null exception at 0x00007fdaa9378935 to 0x00007fdaa9378c85

Events (10 events):
Event: 3.415 loading class org/apache/hadoop/mapred/MapOutputCollector$Context done
Event: 3.415 loading class sun/misc/FloatingDecimal$ASCIIToBinaryBuffer
Event: 3.416 loading class sun/misc/FloatingDecimal$ASCIIToBinaryBuffer done
Event: 3.417 loading class org/apache/hadoop/util/QuickSort
Event: 3.417 loading class org/apache/hadoop/util/QuickSort done
Event: 3.418 loading class org/apache/hadoop/util/IndexedSorter
Event: 3.418 loading class org/apache/hadoop/util/IndexedSorter done
Event: 3.418 loading class org/apache/hadoop/util/HeapSort
Event: 3.418 loading class org/apache/hadoop/util/HeapSort done
Event: 3.419 Executing VM operation: GenCollectForAllocation


Dynamic libraries:
00400000-00401000 r-xp 00000000 ca:01 1194944                            /usr/lib/jvm/java-1.8.0-openjdk-1.8.0.51-1.b16.el6_7.x86_64/bin/java
00600000-00602000 rw-p 00000000 ca:01 1194944                            /usr/lib/jvm/java-1.8.0-openjdk-1.8.0.51-1.b16.el6_7.x86_64/bin/java
0086a000-0088b000 rw-p 00000000 00:00 0                                  [heap]
e2a00000-e3410000 rw-p 00000000 00:00 0 
e3410000-ec6a0000 ---p 00000000 00:00 0 
ec6a0000-edaa0000 rw-p 00000000 00:00 0 
f3ea1000-100000000 ---p 00000000 00:00 0 
100000000-1001a0000 rw-p 00000000 00:00 0 
1001a0000-140000000 ---p 00000000 00:00 0 
3be3600000-3be3620000 r-xp 00000000 ca:01 262158                         /lib64/ld-2.12.so
3be381f000-3be3820000 r--p 0001f000 ca:01 262158                         /lib64/ld-2.12.so
3be3820000-3be3821000 rw-p 00020000 ca:01 262158                         /lib64/ld-2.12.so
3be3821000-3be3822000 rw-p 00000000 00:00 0 
3be3a00000-3be3a15000 r-xp 00000000 ca:01 262271                         /lib64/libz.so.1.2.3
3be3a15000-3be3c14000 ---p 00015000 ca:01 262271                         /lib64/libz.so.1.2.3
3be3c14000-3be3c15000 r--p 00014000 ca:01 262271                         /lib64/libz.so.1.2.3
3be3c15000-3be3c16000 rw-p 00015000 ca:01 262271                         /lib64/libz.so.1.2.3
3be3e00000-3be3f8a000 r-xp 00000000 ca:01 262162                         /lib64/libc-2.12.so
3be3f8a000-3be418a000 ---p 0018a000 ca:01 262162                         /lib64/libc-2.12.so
3be418a000-3be418e000 r--p 0018a000 ca:01 262162                         /lib64/libc-2.12.so
3be418e000-3be418f000 rw-p 0018e000 ca:01 262162                         /lib64/libc-2.12.so
3be418f000-3be4194000 rw-p 00000000 00:00 0 
3be4200000-3be4217000 r-xp 00000000 ca:01 262184                         /lib64/libpthread-2.12.so
3be4217000-3be4417000 ---p 00017000 ca:01 262184                         /lib64/libpthread-2.12.so
3be4417000-3be4418000 r--p 00017000 ca:01 262184                         /lib64/libpthread-2.12.so
3be4418000-3be4419000 rw-p 00018000 ca:01 262184                         /lib64/libpthread-2.12.so
3be4419000-3be441d000 rw-p 00000000 00:00 0 
3be4600000-3be4602000 r-xp 00000000 ca:01 262166                         /lib64/libdl-2.12.so
3be4602000-3be4802000 ---p 00002000 ca:01 262166                         /lib64/libdl-2.12.so
3be4802000-3be4803000 r--p 00002000 ca:01 262166                         /lib64/libdl-2.12.so
3be4803000-3be4804000 rw-p 00003000 ca:01 262166                         /lib64/libdl-2.12.so
3be4a00000-3be4a07000 r-xp 00000000 ca:01 262186                         /lib64/librt-2.12.so
3be4a07000-3be4c06000 ---p 00007000 ca:01 262186                         /lib64/librt-2.12.so
3be4c06000-3be4c07000 r--p 00006000 ca:01 262186                         /lib64/librt-2.12.so
3be4c07000-3be4c08000 rw-p 00007000 ca:01 262186                         /lib64/librt-2.12.so
3be4e00000-3be4e83000 r-xp 00000000 ca:01 262273                         /lib64/libm-2.12.so
3be4e83000-3be5082000 ---p 00083000 ca:01 262273                         /lib64/libm-2.12.so
3be5082000-3be5083000 r--p 00082000 ca:01 262273                         /lib64/libm-2.12.so
3be5083000-3be5084000 rw-p 00083000 ca:01 262273                         /lib64/libm-2.12.so
3df3c00000-3df3c0d000 r-xp 00000000 ca:01 1195060                        /usr/lib/jvm/java-1.8.0-openjdk-1.8.0.51-1.b16.el6_7.x86_64/lib/amd64/jli/libjli.so
3df3c0d000-3df3e0d000 ---p 0000d000 ca:01 1195060                        /usr/lib/jvm/java-1.8.0-openjdk-1.8.0.51-1.b16.el6_7.x86_64/lib/amd64/jli/libjli.so
3df3e0d000-3df3e0e000 rw-p 0000d000 ca:01 1195060                        /usr/lib/jvm/java-1.8.0-openjdk-1.8.0.51-1.b16.el6_7.x86_64/lib/amd64/jli/libjli.so
3eb2e00000-3eb2ee8000 r-xp 00000000 ca:01 1050074                        /usr/lib64/libstdc++.so.6.0.13
3eb2ee8000-3eb30e8000 ---p 000e8000 ca:01 1050074                        /usr/lib64/libstdc++.so.6.0.13
3eb30e8000-3eb30ef000 r--p 000e8000 ca:01 1050074                        /usr/lib64/libstdc++.so.6.0.13
3eb30ef000-3eb30f1000 rw-p 000ef000 ca:01 1050074                        /usr/lib64/libstdc++.so.6.0.13
3eb30f1000-3eb3106000 rw-p 00000000 00:00 0 
3eb3200000-3eb3216000 r-xp 00000000 ca:01 275094                         /lib64/libgcc_s-4.4.7-20120601.so.1
3eb3216000-3eb3415000 ---p 00016000 ca:01 275094                         /lib64/libgcc_s-4.4.7-20120601.so.1
3eb3415000-3eb3416000 rw-p 00015000 ca:01 275094                         /lib64/libgcc_s-4.4.7-20120601.so.1
7fda80000000-7fda80021000 rw-p 00000000 00:00 0 
7fda80021000-7fda84000000 ---p 00000000 00:00 0 
7fda88000000-7fda88844000 rw-p 00000000 00:00 0 
7fda88844000-7fda8c000000 ---p 00000000 00:00 0 
7fda8c000000-7fda8c712000 rw-p 00000000 00:00 0 
7fda8c712000-7fda90000000 ---p 00000000 00:00 0 
7fda90000000-7fda90021000 rw-p 00000000 00:00 0 
7fda90021000-7fda94000000 ---p 00000000 00:00 0 
7fda9616f000-7fda9c000000 r--p 00000000 ca:01 1052128                    /usr/lib/locale/locale-archive
7fda9c000000-7fda9c021000 rw-p 00000000 00:00 0 
7fda9c021000-7fdaa0000000 ---p 00000000 00:00 0 
7fdaa0000000-7fdaa0021000 rw-p 00000000 00:00 0 
7fdaa0021000-7fdaa4000000 ---p 00000000 00:00 0 
7fdaa4000000-7fdaa4027000 rw-p 00000000 00:00 0 
7fdaa4027000-7fdaa8000000 ---p 00000000 00:00 0 
7fdaa9000000-7fdaa94d0000 rwxp 00000000 00:00 0 
7fdaa94d0000-7fdab8000000 ---p 00000000 00:00 0 
7fdab8000000-7fdab86f5000 rw-p 00000000 00:00 0 
7fdab86f5000-7fdabc000000 ---p 00000000 00:00 0 
7fdabc607000-7fdabc608000 rw-p 00000000 00:00 0 
7fdabc608000-7fdabc60b000 ---p 00000000 00:00 0 
7fdabc60b000-7fdabc709000 rw-p 00000000 00:00 0 
7fdabc709000-7fdabc70c000 ---p 00000000 00:00 0 
7fdabc70c000-7fdabc88a000 rw-p 00000000 00:00 0 
7fdabc88a000-7fdabca0a000 ---p 00000000 00:00 0 
7fdabca0a000-7fdabca0d000 ---p 00000000 00:00 0 
7fdabca0d000-7fdabcb0b000 rw-p 00000000 00:00 0 
7fdabcb0b000-7fdabcb10000 r--s 00308000 ca:01 1194868                    /usr/lib/jvm/java-1.8.0-openjdk-1.8.0.51-1.b16.el6_7.x86_64/jre/lib/charsets.jar
7fdabcb10000-7fdabcb23000 r--s 00345000 ca:01 1194915                    /usr/lib/jvm/java-1.8.0-openjdk-1.8.0.51-1.b16.el6_7.x86_64/jre/lib/resources.jar
7fdabcb23000-7fdabcb28000 r--s 00043000 ca:01 1194885                    /usr/lib/jvm/java-1.8.0-openjdk-1.8.0.51-1.b16.el6_7.x86_64/jre/lib/ext/sunjce_provider.jar
7fdabcb28000-7fdabcd28000 rw-p 00000000 00:00 0 
7fdabcd28000-7fdabcd5d000 r--s 00000000 ca:01 786460                     /var/db/nscd/hosts
7fdabcd5d000-7fdabd05d000 rw-p 00000000 00:00 0 
7fdabd05d000-7fdabd073000 r-xp 00000000 ca:01 1194852                    /usr/lib/jvm/java-1.8.0-openjdk-1.8.0.51-1.b16.el6_7.x86_64/jre/lib/amd64/libnet.so
7fdabd073000-7fdabd273000 ---p 00016000 ca:01 1194852                    /usr/lib/jvm/java-1.8.0-openjdk-1.8.0.51-1.b16.el6_7.x86_64/jre/lib/amd64/libnet.so
7fdabd273000-7fdabd274000 rw-p 00016000 ca:01 1194852                    /usr/lib/jvm/java-1.8.0-openjdk-1.8.0.51-1.b16.el6_7.x86_64/jre/lib/amd64/libnet.so
7fdabd274000-7fdabd277000 r--s 0003e000 ca:01 1194886                    /usr/lib/jvm/java-1.8.0-openjdk-1.8.0.51-1.b16.el6_7.x86_64/jre/lib/ext/sunpkcs11.jar
7fdabd277000-7fdabd27b000 r--s 000ad000 ca:01 1194902                    /usr/lib/jvm/java-1.8.0-openjdk-1.8.0.51-1.b16.el6_7.x86_64/jre/lib/jsse.jar
7fdabd27b000-7fdabd27e000 ---p 00000000 00:00 0 
7fdabd27e000-7fdabd37c000 rw-p 00000000 00:00 0 
7fdabd37c000-7fdabd37f000 ---p 00000000 00:00 0 
7fdabd37f000-7fdabd5b5000 rw-p 00000000 00:00 0 
7fdabd5b5000-7fdabd5b8000 r--s 00018000 ca:01 1194900                    /usr/lib/jvm/java-1.8.0-openjdk-1.8.0.51-1.b16.el6_7.x86_64/jre/lib/jce.jar
7fdabd5b8000-7fdabd5b9000 r-xp 00000000 ca:01 1194841                    /usr/lib/jvm/java-1.8.0-openjdk-1.8.0.51-1.b16.el6_7.x86_64/jre/lib/amd64/libjaas_unix.so
7fdabd5b9000-7fdabd7b8000 ---p 00001000 ca:01 1194841                    /usr/lib/jvm/java-1.8.0-openjdk-1.8.0.51-1.b16.el6_7.x86_64/jre/lib/amd64/libjaas_unix.so
7fdabd7b8000-7fdabd7b9000 rw-p 00000000 ca:01 1194841                    /usr/lib/jvm/java-1.8.0-openjdk-1.8.0.51-1.b16.el6_7.x86_64/jre/lib/amd64/libjaas_unix.so
7fdabd7b9000-7fdabd7c1000 r-xp 00000000 ca:01 1194850                    /usr/lib/jvm/java-1.8.0-openjdk-1.8.0.51-1.b16.el6_7.x86_64/jre/lib/amd64/libmanagement.so
7fdabd7c1000-7fdabd9c1000 ---p 00008000 ca:01 1194850                    /usr/lib/jvm/java-1.8.0-openjdk-1.8.0.51-1.b16.el6_7.x86_64/jre/lib/amd64/libmanagement.so
7fdabd9c1000-7fdabd9c2000 rw-p 00008000 ca:01 1194850                    /usr/lib/jvm/java-1.8.0-openjdk-1.8.0.51-1.b16.el6_7.x86_64/jre/lib/amd64/libmanagement.so
7fdabd9c2000-7fdabd9de000 r--s 003b6000 ca:01 1194879                    /usr/lib/jvm/java-1.8.0-openjdk-1.8.0.51-1.b16.el6_7.x86_64/jre/lib/ext/cldrdata.jar
7fdabd9de000-7fdabd9e2000 r--s 00014000 ca:01 655792                     /home/lichunyue/hadoop/hadoop-2.2.0/share/hadoop/yarn/lib/xz-1.0.jar
7fdabd9e2000-7fdabd9e4000 r--s 000f2000 ca:01 655782                     /home/lichunyue/hadoop/hadoop-2.2.0/share/hadoop/yarn/lib/snappy-java-1.0.4.1.jar
7fdabd9e4000-7fdabd9ec000 r--s 0007b000 ca:01 655775                     /home/lichunyue/hadoop/hadoop-2.2.0/share/hadoop/yarn/lib/protobuf-java-2.5.0.jar
7fdabd9ec000-7fdabd9ee000 r--s 00006000 ca:01 655793                     /home/lichunyue/hadoop/hadoop-2.2.0/share/hadoop/yarn/lib/paranamer-2.3.jar
7fdabd9ee000-7fdabda05000 r--s 0010e000 ca:01 655777                     /home/lichunyue/hadoop/hadoop-2.2.0/share/hadoop/yarn/lib/netty-3.6.2.Final.jar
7fdabda05000-7fdabda0e000 r--s 0006f000 ca:01 655788                     /home/lichunyue/hadoop/hadoop-2.2.0/share/hadoop/yarn/lib/log4j-1.2.17.jar
7fdabda0e000-7fdabda15000 r--s 00037000 ca:01 655790                     /home/lichunyue/hadoop/hadoop-2.2.0/share/hadoop/yarn/lib/junit-4.10.jar
7fdabda15000-7fdabda27000 r--s 0009d000 ca:01 655787                     /home/lichunyue/hadoop/hadoop-2.2.0/share/hadoop/yarn/lib/jersey-server-1.9.jar
7fdabda27000-7fdabda28000 r--s 00003000 ca:01 655789                     /home/lichunyue/hadoop/hadoop-2.2.0/share/hadoop/yarn/lib/jersey-guice-1.9.jar
7fdabda28000-7fdabda32000 r--s 00066000 ca:01 655796                     /home/lichunyue/hadoop/hadoop-2.2.0/share/hadoop/yarn/lib/jersey-core-1.9.jar
7fdabda32000-7fdabda33000 r--s 00000000 ca:01 655791                     /home/lichunyue/hadoop/hadoop-2.2.0/share/hadoop/yarn/lib/javax.inject-1.jar
7fdabda33000-7fdabda40000 r--s 00097000 ca:01 655781                     /home/lichunyue/hadoop/hadoop-2.2.0/share/hadoop/yarn/lib/jackson-mapper-asl-1.8.8.jar
7fdabda40000-7fdabda44000 r--s 00034000 ca:01 655785                     /home/lichunyue/hadoop/hadoop-2.2.0/share/hadoop/yarn/lib/jackson-core-asl-1.8.8.jar
7fdabda44000-7fdabda46000 r--s 00011000 ca:01 655779                     /home/lichunyue/hadoop/hadoop-2.2.0/share/hadoop/yarn/lib/hamcrest-core-1.1.jar
7fdabda46000-7fdabda48000 r--s 00003000 ca:01 655783                     /home/lichunyue/hadoop/hadoop-2.2.0/share/hadoop/yarn/lib/hadoop-annotations-2.2.0.jar
7fdabda48000-7fdabda4a000 r--s 0000e000 ca:01 655776                     /home/lichunyue/hadoop/hadoop-2.2.0/share/hadoop/yarn/lib/guice-servlet-3.0.jar
7fdabda4a000-7fdabda59000 r--s 0009f000 ca:01 655794                     /home/lichunyue/hadoop/hadoop-2.2.0/share/hadoop/yarn/lib/guice-3.0.jar
7fdabda59000-7fdabda5c000 r--s 00025000 ca:01 655778                     /home/lichunyue/hadoop/hadoop-2.2.0/share/hadoop/yarn/lib/commons-io-2.1.jar
7fdabda5c000-7fdabda61000 r--s 00036000 ca:01 655795                     /home/lichunyue/hadoop/hadoop-2.2.0/share/hadoop/yarn/lib/commons-compress-1.4.1.jar
7fdabda61000-7fdabda68000 r--s 00044000 ca:01 655784                     /home/lichunyue/hadoop/hadoop-2.2.0/share/hadoop/yarn/lib/avro-1.7.4.jar
7fdabda68000-7fdabda69000 r--s 0000a000 ca:01 655786                     /home/lichunyue/hadoop/hadoop-2.2.0/share/hadoop/yarn/lib/asm-3.2.jar
7fdabda69000-7fdabda6b000 r--s 00000000 ca:01 655780                     /home/lichunyue/hadoop/hadoop-2.2.0/share/hadoop/yarn/lib/aopalliance-1.0.jar
7fdabda6b000-7fdabda6c000 r--s 00000000 ca:01 655773                     /home/lichunyue/hadoop/hadoop-2.2.0/share/hadoop/yarn/hadoop-yarn-site-2.2.0.jar
7fdabda6c000-7fdabda6e000 r--s 00005000 ca:01 655805                     /home/lichunyue/hadoop/hadoop-2.2.0/share/hadoop/yarn/hadoop-yarn-server-web-proxy-2.2.0.jar
7fdabda6e000-7fdabda6f000 r--s 00000000 ca:01 655804                     /home/lichunyue/hadoop/hadoop-2.2.0/share/hadoop/yarn/hadoop-yarn-server-tests-2.2.0.jar
7fdabda6f000-7fdabda7c000 r--s 0008a000 ca:01 655772                     /home/lichunyue/hadoop/hadoop-2.2.0/share/hadoop/yarn/hadoop-yarn-server-resourcemanager-2.2.0.jar
7fdabda7c000-7fdabda87000 r--s 00068000 ca:01 655803                     /home/lichunyue/hadoop/hadoop-2.2.0/share/hadoop/yarn/hadoop-yarn-server-nodemanager-2.2.0.jar
7fdabda87000-7fdabda8b000 r--s 00027000 ca:01 655825                     /home/lichunyue/hadoop/hadoop-2.2.0/share/hadoop/yarn/hadoop-yarn-server-common-2.2.0.jar
7fdabda8b000-7fdabda9d000 r--s 0012c000 ca:01 655799                     /home/lichunyue/hadoop/hadoop-2.2.0/share/hadoop/yarn/hadoop-yarn-common-2.2.0.jar
7fdabda9d000-7fdabdaa0000 r--s 00015000 ca:01 655771                     /home/lichunyue/hadoop/hadoop-2.2.0/share/hadoop/yarn/hadoop-yarn-client-2.2.0.jar
7fdabdaa0000-7fdabdaa2000 r--s 00002000 ca:01 655798                     /home/lichunyue/hadoop/hadoop-2.2.0/share/hadoop/yarn/hadoop-yarn-applications-unmanaged-am-launcher-2.2.0.jar
7fdabdaa2000-7fdabdaa3000 r--s 00007000 ca:01 655800                     /home/lichunyue/hadoop/hadoop-2.2.0/share/hadoop/yarn/hadoop-yarn-applications-distributedshell-2.2.0.jar
7fdabdaa3000-7fdabdab4000 r--s 0010a000 ca:01 655797                     /home/lichunyue/hadoop/hadoop-2.2.0/share/hadoop/yarn/hadoop-yarn-api-2.2.0.jar
7fdabdab4000-7fdabdab8000 r--s 00014000 ca:01 655871                     /home/lichunyue/hadoop/hadoop-2.2.0/share/hadoop/mapreduce/lib/xz-1.0.jar
7fdabdab8000-7fdabdaba000 r--s 000f2000 ca:01 655861                     /home/lichunyue/hadoop/hadoop-2.2.0/share/hadoop/mapreduce/lib/snappy-java-1.0.4.1.jar
7fdabdaba000-7fdabdac2000 r--s 0007b000 ca:01 655854                     /home/lichunyue/hadoop/hadoop-2.2.0/share/hadoop/mapreduce/lib/protobuf-java-2.5.0.jar
7fdabdac2000-7fdabdac4000 r--s 00006000 ca:01 655872                     /home/lichunyue/hadoop/hadoop-2.2.0/share/hadoop/mapreduce/lib/paranamer-2.3.jar
7fdabdac4000-7fdabdadb000 r--s 0010e000 ca:01 655856                     /home/lichunyue/hadoop/hadoop-2.2.0/share/hadoop/mapreduce/lib/netty-3.6.2.Final.jar
7fdabdadb000-7fdabdae4000 r--s 0006f000 ca:01 655867                     /home/lichunyue/hadoop/hadoop-2.2.0/share/hadoop/mapreduce/lib/log4j-1.2.17.jar
7fdabdae4000-7fdabdaeb000 r--s 00037000 ca:01 655869                     /home/lichunyue/hadoop/hadoop-2.2.0/share/hadoop/mapreduce/lib/junit-4.10.jar
7fdabdaeb000-7fdabdafd000 r--s 0009d000 ca:01 655866                     /home/lichunyue/hadoop/hadoop-2.2.0/share/hadoop/mapreduce/lib/jersey-server-1.9.jar
7fdabdafd000-7fdabdafe000 r--s 00003000 ca:01 655868                     /home/lichunyue/hadoop/hadoop-2.2.0/share/hadoop/mapreduce/lib/jersey-guice-1.9.jar
7fdabdafe000-7fdabdb08000 r--s 00066000 ca:01 655875                     /home/lichunyue/hadoop/hadoop-2.2.0/share/hadoop/mapreduce/lib/jersey-core-1.9.jar
7fdabdb08000-7fdabdb09000 r--s 00000000 ca:01 655870                     /home/lichunyue/hadoop/hadoop-2.2.0/share/hadoop/mapreduce/lib/javax.inject-1.jar
7fdabdb09000-7fdabdb16000 r--s 00097000 ca:01 655860                     /home/lichunyue/hadoop/hadoop-2.2.0/share/hadoop/mapreduce/lib/jackson-mapper-asl-1.8.8.jar
7fdabdb16000-7fdabdb1a000 r--s 00034000 ca:01 655864                     /home/lichunyue/hadoop/hadoop-2.2.0/share/hadoop/mapreduce/lib/jackson-core-asl-1.8.8.jar
7fdabdb1a000-7fdabdb1c000 r--s 00011000 ca:01 655858                     /home/lichunyue/hadoop/hadoop-2.2.0/share/hadoop/mapreduce/lib/hamcrest-core-1.1.jar
7fdabdb1c000-7fdabdb1e000 r--s 00003000 ca:01 655862                     /home/lichunyue/hadoop/hadoop-2.2.0/share/hadoop/mapreduce/lib/hadoop-annotations-2.2.0.jar
7fdabdb1e000-7fdabdb20000 r--s 0000e000 ca:01 655855                     /home/lichunyue/hadoop/hadoop-2.2.0/share/hadoop/mapreduce/lib/guice-servlet-3.0.jar
7fdabdb20000-7fdabdb2f000 r--s 0009f000 ca:01 655873                     /home/lichunyue/hadoop/hadoop-2.2.0/share/hadoop/mapreduce/lib/guice-3.0.jar
7fdabdb2f000-7fdabdb32000 r--s 00025000 ca:01 655857                     /home/lichunyue/hadoop/hadoop-2.2.0/share/hadoop/mapreduce/lib/commons-io-2.1.jar
7fdabdb32000-7fdabdb37000 r--s 00036000 ca:01 655874                     /home/lichunyue/hadoop/hadoop-2.2.0/share/hadoop/mapreduce/lib/commons-compress-1.4.1.jar
7fdabdb37000-7fdabdb3e000 r--s 00044000 ca:01 655863                     /home/lichunyue/hadoop/hadoop-2.2.0/share/hadoop/mapreduce/lib/avro-1.7.4.jar
7fdabdb3e000-7fdabdb3f000 r--s 0000a000 ca:01 655865                     /home/lichunyue/hadoop/hadoop-2.2.0/share/hadoop/mapreduce/lib/asm-3.2.jar
7fdabdb3f000-7fdabdb41000 r--s 00000000 ca:01 655859                     /home/lichunyue/hadoop/hadoop-2.2.0/share/hadoop/mapreduce/lib/aopalliance-1.0.jar
7fdabdb41000-7fdabdb46000 r--s 0003d000 ca:01 655877                     /home/lichunyue/hadoop/hadoop-2.2.0/share/hadoop/mapreduce/hadoop-mapreduce-examples-2.2.0.jar
7fdabdb46000-7fdabdb48000 r--s 00004000 ca:01 655899                     /home/lichunyue/hadoop/hadoop-2.2.0/share/hadoop/mapreduce/hadoop-mapreduce-client-shuffle-2.2.0.jar
7fdabdb48000-7fdabdb5e000 r--s 00149000 ca:01 655902                     /home/lichunyue/hadoop/hadoop-2.2.0/share/hadoop/mapreduce/hadoop-mapreduce-client-jobclient-2.2.0-tests.jar
7fdabdb5e000-7fdabdb5f000 r--s 00008000 ca:01 655903                     /home/lichunyue/hadoop/hadoop-2.2.0/share/hadoop/mapreduce/hadoop-mapreduce-client-jobclient-2.2.0.jar
7fdabdb5f000-7fdabdb60000 r--s 00000000 ca:01 655878                     /home/lichunyue/hadoop/hadoop-2.2.0/share/hadoop/mapreduce/hadoop-mapreduce-client-hs-plugins-2.2.0.jar
7fdabdb60000-7fdabdb63000 r--s 0001a000 ca:01 655898                     /home/lichunyue/hadoop/hadoop-2.2.0/share/hadoop/mapreduce/hadoop-mapreduce-client-hs-2.2.0.jar
7fdabdb63000-7fdabdb7b000 r--s 0014c000 ca:01 655896                     /home/lichunyue/hadoop/hadoop-2.2.0/share/hadoop/mapreduce/hadoop-mapreduce-client-core-2.2.0.jar
7fdabdb7b000-7fdabdb87000 r--s 00095000 ca:01 655876                     /home/lichunyue/hadoop/hadoop-2.2.0/share/hadoop/mapreduce/hadoop-mapreduce-client-common-2.2.0.jar
7fdabdb87000-7fdabdb90000 r--s 0006d000 ca:01 655897                     /home/lichunyue/hadoop/hadoop-2.2.0/share/hadoop/mapreduce/hadoop-mapreduce-client-app-2.2.0.jar
7fdabdb90000-7fdabdb9c000 r--s 000b3000 ca:01 655719                     /home/lichunyue/hadoop/hadoop-2.2.0/share/hadoop/common/lib/zookeeper-3.4.5.jar
7fdabdb9c000-7fdabdba0000 r--s 00014000 ca:01 655729                     /home/lichunyue/hadoop/hadoop-2.2.0/share/hadoop/common/lib/xz-1.0.jar
7fdabdba0000-7fdabdba1000 r--s 00003000 ca:01 655737                     /home/lichunyue/hadoop/hadoop-2.2.0/share/hadoop/common/lib/xmlenc-0.52.jar
7fdabdba1000-7fdabdba3000 r--s 00005000 ca:01 655715                     /home/lichunyue/hadoop/hadoop-2.2.0/share/hadoop/common/lib/stax-api-1.0.1.jar
7fdabdba3000-7fdabdba5000 r--s 000f2000 ca:01 655707                     /home/lichunyue/hadoop/hadoop-2.2.0/share/hadoop/common/lib/snappy-java-1.0.4.1.jar
7fdabdba5000-7fdabdba7000 r--s 00001000 ca:01 655746                     /home/lichunyue/hadoop/hadoop-2.2.0/share/hadoop/common/lib/slf4j-log4j12-1.7.5.jar
7fdabdba7000-7fdabdba9000 r--s 00005000 ca:01 655740                     /home/lichunyue/hadoop/hadoop-2.2.0/share/hadoop/common/lib/slf4j-api-1.7.5.jar
7fdabdba9000-7fdabdbab000 r--s 00018000 ca:01 655723                     /home/lichunyue/hadoop/hadoop-2.2.0/share/hadoop/common/lib/servlet-api-2.5.jar
7fdabdbab000-7fdabdbb3000 r--s 0007b000 ca:01 655697                     /home/lichunyue/hadoop/hadoop-2.2.0/share/hadoop/common/lib/protobuf-java-2.5.0.jar
7fdabdbb3000-7fdabdbb5000 r--s 00006000 ca:01 655730                     /home/lichunyue/hadoop/hadoop-2.2.0/share/hadoop/common/lib/paranamer-2.3.jar
7fdabdbb5000-7fdabdbcc000 r--s 0010e000 ca:01 655700                     /home/lichunyue/hadoop/hadoop-2.2.0/share/hadoop/common/lib/netty-3.6.2.Final.jar
7fdabdbcc000-7fdabdbe9000 r--s 0013e000 ca:01 655725                     /home/lichunyue/hadoop/hadoop-2.2.0/share/hadoop/common/lib/mockito-all-1.8.5.jar
7fdabdbe9000-7fdabdbf2000 r--s 0006f000 ca:01 655718                     /home/lichunyue/hadoop/hadoop-2.2.0/share/hadoop/common/lib/log4j-1.2.17.jar
7fdabdbf2000-7fdabdbf8000 r--s 00034000 ca:01 655703                     /home/lichunyue/hadoop/hadoop-2.2.0/share/hadoop/common/lib/junit-4.8.2.jar
7fdabdbf8000-7fdabdbfb000 r--s 00006000 ca:01 655736                     /home/lichunyue/hadoop/hadoop-2.2.0/share/hadoop/common/lib/jsr305-1.3.9.jar
7fdabdbfb000-7fdabdbfe000 r--s 00016000 ca:01 655732                     /home/lichunyue/hadoop/hadoop-2.2.0/share/hadoop/common/lib/jsp-api-2.1.jar
7fdabdbfe000-7fdabdc01000 r--s 0002b000 ca:01 655695                     /home/lichunyue/hadoop/hadoop-2.2.0/share/hadoop/common/lib/jsch-0.1.42.jar
7fdabdc01000-7fdabdc05000 r--s 00028000 ca:01 655739                     /home/lichunyue/hadoop/hadoop-2.2.0/share/hadoop/common/lib/jetty-util-6.1.26.jar
7fdabdc05000-7fdabdc0c000 r--s 0007d000 ca:01 655744                     /home/lichunyue/hadoop/hadoop-2.2.0/share/hadoop/common/lib/jetty-6.1.26.jar
7fdabdc0c000-7fdabdc0e000 r--s 0000f000 ca:01 655747                     /home/lichunyue/hadoop/hadoop-2.2.0/share/hadoop/common/lib/jettison-1.1.jar
7fdabdc0e000-7fdabdc13000 r--s 0004a000 ca:01 655713                     /home/lichunyue/hadoop/hadoop-2.2.0/share/hadoop/common/lib/jets3t-0.6.1.jar
7fdabdc13000-7fdabdc25000 r--s 0009d000 ca:01 655717                     /home/lichunyue/hadoop/hadoop-2.2.0/share/hadoop/common/lib/jersey-server-1.9.jar
7fdabdc25000-7fdabdc29000 r--s 00021000 ca:01 655705                     /home/lichunyue/hadoop/hadoop-2.2.0/share/hadoop/common/lib/jersey-json-1.9.jar
7fdabdc29000-7fdabdc33000 r--s 00066000 ca:01 655743                     /home/lichunyue/hadoop/hadoop-2.2.0/share/hadoop/common/lib/jersey-core-1.9.jar
7fdabdc33000-7fdabdc46000 r--s 000c7000 ca:01 655702                     /home/lichunyue/hadoop/hadoop-2.2.0/share/hadoop/common/lib/jaxb-impl-2.2.3-1.jar
7fdabdc46000-7fdabdc49000 r--s 00017000 ca:01 655742                     /home/lichunyue/hadoop/hadoop-2.2.0/share/hadoop/common/lib/jaxb-api-2.2.2.jar
7fdabdc49000-7fdabdc4b000 r--s 00011000 ca:01 655698                     /home/lichunyue/hadoop/hadoop-2.2.0/share/hadoop/common/lib/jasper-runtime-5.5.23.jar
7fdabdc4b000-7fdabdc50000 r--s 0005f000 ca:01 655745                     /home/lichunyue/hadoop/hadoop-2.2.0/share/hadoop/common/lib/jasper-compiler-5.5.23.jar
7fdabdc50000-7fdabdc51000 r--s 00007000 ca:01 655696                     /home/lichunyue/hadoop/hadoop-2.2.0/share/hadoop/common/lib/jackson-xc-1.8.8.jar
7fdabdc51000-7fdabdc5e000 r--s 00097000 ca:01 655706                     /home/lichunyue/hadoop/hadoop-2.2.0/share/hadoop/common/lib/jackson-mapper-asl-1.8.8.jar
7fdabdc5e000-7fdabdc5f000 r--s 00004000 ca:01 655710                     /home/lichunyue/hadoop/hadoop-2.2.0/share/hadoop/common/lib/jackson-jaxrs-1.8.8.jar
7fdabdc5f000-7fdabdc63000 r--s 00034000 ca:01 655711                     /home/lichunyue/hadoop/hadoop-2.2.0/share/hadoop/common/lib/jackson-core-asl-1.8.8.jar
7fdabdc63000-7fdabdc65000 r--s 0000b000 ca:01 655731                     /home/lichunyue/hadoop/hadoop-2.2.0/share/hadoop/common/lib/hadoop-auth-2.2.0.jar
7fdabdc65000-7fdabdc67000 r--s 00003000 ca:01 655708                     /home/lichunyue/hadoop/hadoop-2.2.0/share/hadoop/common/lib/hadoop-annotations-2.2.0.jar
7fdabdc67000-7fdabdc88000 r--s 00172000 ca:01 655722                     /home/lichunyue/hadoop/hadoop-2.2.0/share/hadoop/common/lib/guava-11.0.2.jar
7fdabdc88000-7fdabdc8d000 r--s 0003e000 ca:01 655734                     /home/lichunyue/hadoop/hadoop-2.2.0/share/hadoop/common/lib/commons-net-3.1.jar
7fdabdc8d000-7fdabdc9e000 r--s 000bb000 ca:01 655720                     /home/lichunyue/hadoop/hadoop-2.2.0/share/hadoop/common/lib/commons-math-2.1.jar
7fdabdc9e000-7fdabdca0000 r--s 0000d000 ca:01 655727                     /home/lichunyue/hadoop/hadoop-2.2.0/share/hadoop/common/lib/commons-logging-1.1.1.jar
7fdabdca0000-7fdabdca5000 r--s 00040000 ca:01 655724                     /home/lichunyue/hadoop/hadoop-2.2.0/share/hadoop/common/lib/commons-lang-2.5.jar
7fdabdca5000-7fdabdca8000 r--s 00025000 ca:01 655701                     /home/lichunyue/hadoop/hadoop-2.2.0/share/hadoop/common/lib/commons-io-2.1.jar
7fdabdca8000-7fdabdcae000 r--s 00045000 ca:01 655733                     /home/lichunyue/hadoop/hadoop-2.2.0/share/hadoop/common/lib/commons-httpclient-3.1.jar
7fdabdcae000-7fdabdcb1000 r--s 00019000 ca:01 655714                     /home/lichunyue/hadoop/hadoop-2.2.0/share/hadoop/common/lib/commons-el-1.0.jar
7fdabdcb1000-7fdabdcb5000 r--s 00020000 ca:01 655735                     /home/lichunyue/hadoop/hadoop-2.2.0/share/hadoop/common/lib/commons-digester-1.8.jar
7fdabdcb5000-7fdabdcbb000 r--s 00043000 ca:01 655726                     /home/lichunyue/hadoop/hadoop-2.2.0/share/hadoop/common/lib/commons-configuration-1.6.jar
7fdabdcbb000-7fdabdcc0000 r--s 00036000 ca:01 655738                     /home/lichunyue/hadoop/hadoop-2.2.0/share/hadoop/common/lib/commons-compress-1.4.1.jar
7fdabdcc0000-7fdabdcce000 r--s 0007f000 ca:01 655741                     /home/lichunyue/hadoop/hadoop-2.2.0/share/hadoop/common/lib/commons-collections-3.2.1.jar
7fdabdcce000-7fdabdcd0000 r--s 0000d000 ca:01 655721                     /home/lichunyue/hadoop/hadoop-2.2.0/share/hadoop/common/lib/commons-codec-1.4.jar
7fdabdcd0000-7fdabdcd2000 r--s 00009000 ca:01 655728                     /home/lichunyue/hadoop/hadoop-2.2.0/share/hadoop/common/lib/commons-cli-1.2.jar
7fdabdcd2000-7fdabdcd6000 r--s 0002f000 ca:01 655699                     /home/lichunyue/hadoop/hadoop-2.2.0/share/hadoop/common/lib/commons-beanutils-core-1.8.0.jar
7fdabdcd6000-7fdabdcdb000 r--s 0002a000 ca:01 655716                     /home/lichunyue/hadoop/hadoop-2.2.0/share/hadoop/common/lib/commons-beanutils-1.7.0.jar
7fdabdcdb000-7fdabdce2000 r--s 00044000 ca:01 655709                     /home/lichunyue/hadoop/hadoop-2.2.0/share/hadoop/common/lib/avro-1.7.4.jar
7fdabdce2000-7fdabdce3000 r--s 0000a000 ca:01 655712                     /home/lichunyue/hadoop/hadoop-2.2.0/share/hadoop/common/lib/asm-3.2.jar
7fdabdce3000-7fdabdce5000 r--s 0000e000 ca:01 655704                     /home/lichunyue/hadoop/hadoop-2.2.0/share/hadoop/common/lib/activation-1.1.jar
7fdabdce5000-7fdabdcea000 r--s 0001e000 ca:01 655749                     /home/lichunyue/hadoop/hadoop-2.2.0/share/hadoop/common/hadoop-nfs-2.2.0.jar
7fdabdcea000-7fdabdd00000 r--s 00135000 ca:01 655755                     /home/lichunyue/hadoop/hadoop-2.2.0/share/hadoop/common/hadoop-common-2.2.0-tests.jar
7fdabdd00000-7fdabdd2a000 r--s 00264000 ca:01 655748                     /home/lichunyue/hadoop/hadoop-2.2.0/share/hadoop/common/hadoop-common-2.2.0.jar
7fdabdd2a000-7fdabdd2b000 ---p 00000000 00:00 0 
7fdabdd2b000-7fdabde2b000 rw-p 00000000 00:00 0 
7fdabde2b000-7fdabde2e000 ---p 00000000 00:00 0 
7fdabde2e000-7fdabdf2c000 rw-p 00000000 00:00 0 
7fdabdf2c000-7fdabdf2f000 ---p 00000000 00:00 0 
7fdabdf2f000-7fdabe02d000 rw-p 00000000 00:00 0 
7fdabe02d000-7fdabe030000 ---p 00000000 00:00 0 
7fdabe030000-7fdabe12e000 rw-p 00000000 00:00 0 
7fdabe12e000-7fdabe131000 ---p 00000000 00:00 0 
7fdabe131000-7fdabe22f000 rw-p 00000000 00:00 0 
7fdabe22f000-7fdabe232000 ---p 00000000 00:00 0 
7fdabe232000-7fdabe330000 rw-p 00000000 00:00 0 
7fdabe330000-7fdabe333000 ---p 00000000 00:00 0 
7fdabe333000-7fdabe431000 rw-p 00000000 00:00 0 
7fdabe431000-7fdabe432000 ---p 00000000 00:00 0 
7fdabe432000-7fdabe57f000 rw-p 00000000 00:00 0 
7fdabe57f000-7fdabe74c000 r--s 043aa000 ca:01 1194916                    /usr/lib/jvm/java-1.8.0-openjdk-1.8.0.51-1.b16.el6_7.x86_64/jre/lib/rt.jar
7fdabe74c000-7fdabf045000 rw-p 00000000 00:00 0 
7fdabf045000-7fdabf050000 rw-p 00000000 00:00 0 
7fdabf050000-7fdabf0e2000 ---p 00000000 00:00 0 
7fdabf0e2000-7fdabf0e8000 rw-p 00000000 00:00 0 
7fdabf0e8000-7fdabf130000 ---p 00000000 00:00 0 
7fdabf130000-7fdabf13b000 rw-p 00000000 00:00 0 
7fdabf13b000-7fdabf1cd000 ---p 00000000 00:00 0 
7fdabf1cd000-7fdabf1e2000 rw-p 00000000 00:00 0 
7fdabf1e2000-7fdabf58e000 ---p 00000000 00:00 0 
7fdabf58e000-7fdabf596000 r-xp 00000000 ca:01 1194859                    /usr/lib/jvm/java-1.8.0-openjdk-1.8.0.51-1.b16.el6_7.x86_64/jre/lib/amd64/libzip.so
7fdabf596000-7fdabf795000 ---p 00008000 ca:01 1194859                    /usr/lib/jvm/java-1.8.0-openjdk-1.8.0.51-1.b16.el6_7.x86_64/jre/lib/amd64/libzip.so
7fdabf795000-7fdabf796000 rw-p 00007000 ca:01 1194859                    /usr/lib/jvm/java-1.8.0-openjdk-1.8.0.51-1.b16.el6_7.x86_64/jre/lib/amd64/libzip.so
7fdabf796000-7fdabf7a2000 r-xp 00000000 ca:01 262213                     /lib64/libnss_files-2.12.so
7fdabf7a2000-7fdabf9a2000 ---p 0000c000 ca:01 262213                     /lib64/libnss_files-2.12.so
7fdabf9a2000-7fdabf9a3000 r--p 0000c000 ca:01 262213                     /lib64/libnss_files-2.12.so
7fdabf9a3000-7fdabf9a4000 rw-p 0000d000 ca:01 262213                     /lib64/libnss_files-2.12.so
7fdabf9a4000-7fdabf9af000 r--s 0011c000 ca:01 1194881                    /usr/lib/jvm/java-1.8.0-openjdk-1.8.0.51-1.b16.el6_7.x86_64/jre/lib/ext/localedata.jar
7fdabf9af000-7fdabf9d9000 r-xp 00000000 ca:01 1194842                    /usr/lib/jvm/java-1.8.0-openjdk-1.8.0.51-1.b16.el6_7.x86_64/jre/lib/amd64/libjava.so
7fdabf9d9000-7fdabfbd8000 ---p 0002a000 ca:01 1194842                    /usr/lib/jvm/java-1.8.0-openjdk-1.8.0.51-1.b16.el6_7.x86_64/jre/lib/amd64/libjava.so
7fdabfbd8000-7fdabfbda000 rw-p 00029000 ca:01 1194842                    /usr/lib/jvm/java-1.8.0-openjdk-1.8.0.51-1.b16.el6_7.x86_64/jre/lib/amd64/libjava.so
7fdabfbda000-7fdabfbe7000 r-xp 00000000 ca:01 1194858                    /usr/lib/jvm/java-1.8.0-openjdk-1.8.0.51-1.b16.el6_7.x86_64/jre/lib/amd64/libverify.so
7fdabfbe7000-7fdabfde7000 ---p 0000d000 ca:01 1194858                    /usr/lib/jvm/java-1.8.0-openjdk-1.8.0.51-1.b16.el6_7.x86_64/jre/lib/amd64/libverify.so
7fdabfde7000-7fdabfde9000 rw-p 0000d000 ca:01 1194858                    /usr/lib/jvm/java-1.8.0-openjdk-1.8.0.51-1.b16.el6_7.x86_64/jre/lib/amd64/libverify.so
7fdabfde9000-7fdabfdec000 ---p 00000000 00:00 0 
7fdabfdec000-7fdabfeea000 rw-p 00000000 00:00 0 
7fdabfeea000-7fdac0aff000 r-xp 00000000 ca:01 1194863                    /usr/lib/jvm/java-1.8.0-openjdk-1.8.0.51-1.b16.el6_7.x86_64/jre/lib/amd64/server/libjvm.so
7fdac0aff000-7fdac0cff000 ---p 00c15000 ca:01 1194863                    /usr/lib/jvm/java-1.8.0-openjdk-1.8.0.51-1.b16.el6_7.x86_64/jre/lib/amd64/server/libjvm.so
7fdac0cff000-7fdac0dcc000 rw-p 00c15000 ca:01 1194863                    /usr/lib/jvm/java-1.8.0-openjdk-1.8.0.51-1.b16.el6_7.x86_64/jre/lib/amd64/server/libjvm.so
7fdac0dcc000-7fdac0e00000 rw-p 00000000 00:00 0 
7fdac0e00000-7fdac0e01000 r--s 00007000 ca:01 1194884                    /usr/lib/jvm/java-1.8.0-openjdk-1.8.0.51-1.b16.el6_7.x86_64/jre/lib/ext/sunec.jar
7fdac0e01000-7fdac0e09000 rw-s 00000000 ca:01 408218                     /tmp/hsperfdata_root/31527
7fdac0e09000-7fdac0e0a000 rw-p 00000000 00:00 0 
7fdac0e0a000-7fdac0e0b000 ---p 00000000 00:00 0 
7fdac0e0b000-7fdac0e0c000 rw-p 00000000 00:00 0 
7fff03709000-7fff03721000 rw-p 00000000 00:00 0                          [stack]
7fff0373a000-7fff0373b000 r-xp 00000000 00:00 0                          [vdso]
ffffffffff600000-ffffffffff601000 r-xp 00000000 00:00 0                  [vsyscall]

VM Arguments:
jvm_args: -Dfile.encoding=UTF-8 
java_command: com.yueye.WordCount /mnt/test_in /mnt/test_out
java_class_path (initial): /mnt/homework/HadoopExample/bin:/home/lichunyue/hadoop/hadoop-2.2.0/share/hadoop/common/hadoop-common-2.2.0.jar:/home/lichunyue/hadoop/hadoop-2.2.0/share/hadoop/common/hadoop-common-2.2.0-tests.jar:/home/lichunyue/hadoop/hadoop-2.2.0/share/hadoop/common/hadoop-nfs-2.2.0.jar:/home/lichunyue/hadoop/hadoop-2.2.0/share/hadoop/common/lib/activation-1.1.jar:/home/lichunyue/hadoop/hadoop-2.2.0/share/hadoop/common/lib/asm-3.2.jar:/home/lichunyue/hadoop/hadoop-2.2.0/share/hadoop/common/lib/avro-1.7.4.jar:/home/lichunyue/hadoop/hadoop-2.2.0/share/hadoop/common/lib/commons-beanutils-1.7.0.jar:/home/lichunyue/hadoop/hadoop-2.2.0/share/hadoop/common/lib/commons-beanutils-core-1.8.0.jar:/home/lichunyue/hadoop/hadoop-2.2.0/share/hadoop/common/lib/commons-cli-1.2.jar:/home/lichunyue/hadoop/hadoop-2.2.0/share/hadoop/common/lib/commons-codec-1.4.jar:/home/lichunyue/hadoop/hadoop-2.2.0/share/hadoop/common/lib/commons-collections-3.2.1.jar:/home/lichunyue/hadoop/hadoop-2.2.0/share/hadoop/common/lib/commons-compress-1.4.1.jar:/home/lichunyue/hadoop/hadoop-2.2.0/share/hadoop/common/lib/commons-configuration-1.6.jar:/home/lichunyue/hadoop/hadoop-2.2.0/share/hadoop/common/lib/commons-digester-1.8.jar:/home/lichunyue/hadoop/hadoop-2.2.0/share/hadoop/common/lib/commons-el-1.0.jar:/home/lichunyue/hadoop/hadoop-2.2.0/share/hadoop/common/lib/commons-httpclient-3.1.jar:/home/lichunyue/hadoop/hadoop-2.2.0/share/hadoop/common/lib/commons-io-2.1.jar:/home/lichunyue/hadoop/hadoop-2.2.0/share/hadoop/common/lib/commons-lang-2.5.jar:/home/lichunyue/hadoop/hadoop-2.2.0/share/hadoop/common/lib/commons-logging-1.1.1.jar:/home/lichunyue/hadoop/hadoop-2.2.0/share/hadoop/common/lib/commons-math-2.1.jar:/home/lichunyue/hadoop/hadoop-2.2.0/share/hadoop/common/lib/commons-net-3.1.jar:/home/lichunyue/hadoop/hadoop-2.2.0/share/hadoop/common/lib/guava-11.0.2.jar:/home/lichunyue/hadoop/hadoop-2.2.0/share/hadoop/common/lib/hadoop-annotations-2.2.0.jar:/home/lichunyue/hadoop/hadoop-2.2.0/
Launcher Type: SUN_STANDARD

Environment Variables:
PATH=/bin:/usr/bin:/usr/X11R6/bin:/usr/local/bin
SHELL=/bin/bash
DISPLAY=:10.0

Signal Handlers:
SIGSEGV: [libjvm.so+0xa1e500], sa_mask[0]=11111111011111111101111111111110, sa_flags=SA_RESTART|SA_SIGINFO
SIGBUS: [libjvm.so+0xa1e500], sa_mask[0]=11111111011111111101111111111110, sa_flags=SA_RESTART|SA_SIGINFO
SIGFPE: [libjvm.so+0x88e200], sa_mask[0]=11111111011111111101111111111110, sa_flags=SA_RESTART|SA_SIGINFO
SIGPIPE: [libjvm.so+0x88e200], sa_mask[0]=11111111011111111101111111111110, sa_flags=SA_RESTART|SA_SIGINFO
SIGXFSZ: [libjvm.so+0x88e200], sa_mask[0]=11111111011111111101111111111110, sa_flags=SA_RESTART|SA_SIGINFO
SIGILL: [libjvm.so+0x88e200], sa_mask[0]=11111111011111111101111111111110, sa_flags=SA_RESTART|SA_SIGINFO
SIGUSR1: SIG_DFL, sa_mask[0]=00000000000000000000000000000000, sa_flags=none
SIGUSR2: [libjvm.so+0x88f6f0], sa_mask[0]=00100000000000000000000000000000, sa_flags=SA_RESTART|SA_SIGINFO
SIGHUP: [libjvm.so+0x890d30], sa_mask[0]=11111111011111111101111111111110, sa_flags=SA_RESTART|SA_SIGINFO
SIGINT: [libjvm.so+0x890d30], sa_mask[0]=11111111011111111101111111111110, sa_flags=SA_RESTART|SA_SIGINFO
SIGTERM: [libjvm.so+0x890d30], sa_mask[0]=11111111011111111101111111111110, sa_flags=SA_RESTART|SA_SIGINFO
SIGQUIT: [libjvm.so+0x890d30], sa_mask[0]=11111111011111111101111111111110, sa_flags=SA_RESTART|SA_SIGINFO


---------------  S Y S T E M  ---------------

OS:CentOS release 6.5 (Final)

uname:Linux 2.6.32-431.23.3.el6.x86_64 #1 SMP Thu Jul 31 17:20:51 UTC 2014 x86_64
libc:glibc 2.12 NPTL 2.12 
rlimit: STACK 10240k, CORE 0k, NPROC 14846, NOFILE 65535, AS infinity
load average:0.53 0.21 0.08

/proc/meminfo:
MemTotal:        1920740 kB
MemFree:           55384 kB
Buffers:            3344 kB
Cached:            40756 kB
SwapCached:            0 kB
Active:          1744212 kB
Inactive:          27184 kB
Active(anon):    1725484 kB
Inactive(anon):     6184 kB
Active(file):      18728 kB
Inactive(file):    21000 kB
Unevictable:           0 kB
Mlocked:               0 kB
SwapTotal:             0 kB
SwapFree:              0 kB
Dirty:               364 kB
Writeback:             0 kB
AnonPages:       1727368 kB
Mapped:            24612 kB
Shmem:              4288 kB
Slab:              42156 kB
SReclaimable:      13936 kB
SUnreclaim:        28220 kB
KernelStack:        5904 kB
PageTables:        23104 kB
NFS_Unstable:          0 kB
Bounce:                0 kB
WritebackTmp:          0 kB
CommitLimit:      960368 kB
Committed_AS:    3249032 kB
VmallocTotal:   34359738367 kB
VmallocUsed:       11064 kB
VmallocChunk:   34359725180 kB
HardwareCorrupted:     0 kB
AnonHugePages:    737280 kB
HugePages_Total:       0
HugePages_Free:        0
HugePages_Rsvd:        0
HugePages_Surp:        0
Hugepagesize:       2048 kB
DirectMap4k:        6144 kB
DirectMap2M:     2091008 kB


CPU:total 1 (32 cores per cpu, 2 threads per core) family 6 model 62 stepping 4, cmov, cx8, fxsr, mmx, sse, sse2, sse3, ssse3, sse4.1, sse4.2, popcnt, aes, ht, tsc

/proc/cpuinfo:
processor	: 0
vendor_id	: GenuineIntel
cpu family	: 6
model		: 62
model name	: Intel(R) Xeon(R) CPU E5-2650 v2 @ 2.60GHz
stepping	: 4
cpu MHz		: 2594.034
cache size	: 20480 KB
physical id	: 0
siblings	: 1
core id		: 0
cpu cores	: 1
apicid		: 0
initial apicid	: 0
fpu		: yes
fpu_exception	: yes
cpuid level	: 13
wp		: yes
flags		: fpu vme de pse tsc msr pae mce cx8 apic sep mtrr pge mca cmov pat clflush mmx fxsr sse sse2 ht syscall nx lm up rep_good unfair_spinlock pni ssse3 cx16 sse4_1 sse4_2 popcnt aes hypervisor lahf_lm
bogomips	: 5188.06
clflush size	: 64
cache_alignment	: 64
address sizes	: 46 bits physical, 48 bits virtual
power management:



Memory: 4k page, physical 1920740k(55384k free), swap 0k(0k free)

vm_info: OpenJDK 64-Bit Server VM (25.51-b03) for linux-amd64 JRE (1.8.0_51-b16), built on Jul 25 2015 14:54:36 by "mockbuild" with gcc 4.4.7 20120313 (Red Hat 4.4.7-16)

time: Sat Oct  3 20:53:20 2015
elapsed time: 3 seconds (0d 0h 0m 3s)

