#
# There is insufficient memory for the Java Runtime Environment to continue.
# Native memory allocation (mmap) failed to map 104861696 bytes for committing reserved memory.
# Possible reasons:
#   The system is out of physical RAM or swap space
#   In 32 bit mode, the process size limit was hit
# Possible solutions:
#   Reduce memory load on the system
#   Increase physical memory or swap space
#   Check if swap backing store is full
#   Use 64 bit Java on a 64 bit OS
#   Decrease Java heap size (-Xmx/-Xms)
#   Decrease number of Java threads
#   Decrease Java thread stack sizes (-Xss)
#   Set larger code cache with -XX:ReservedCodeCacheSize=
# This output file may be truncated or incomplete.
#
#  Out of Memory Error (os_linux.cpp:2673), pid=29241, tid=139802761516800
#
# JRE version: OpenJDK Runtime Environment (8.0_51-b16) (build 1.8.0_51-b16)
# Java VM: OpenJDK 64-Bit Server VM (25.51-b03 mixed mode linux-amd64 compressed oops)
# Failed to write core dump. Core dumps have been disabled. To enable core dumping, try "ulimit -c unlimited" before starting Java again
#

---------------  T H R E A D  ---------------

Current thread (0x00007f2658082000):  VMThread [stack: 0x00007f265de05000,0x00007f265df06000] [id=29249]

Stack: [0x00007f265de05000,0x00007f265df06000],  sp=0x00007f265df04590,  free space=1021k
Native frames: (J=compiled Java code, j=interpreted, Vv=VM code, C=native code)
V  [libjvm.so+0xa1db4e]
V  [libjvm.so+0x4d12d9]
V  [libjvm.so+0x891823]
V  [libjvm.so+0x891bc9]
V  [libjvm.so+0x88ab0a]
V  [libjvm.so+0xa19d24]
V  [libjvm.so+0x5bc5c5]
V  [libjvm.so+0x5bc94c]
V  [libjvm.so+0x5bc9de]
V  [libjvm.so+0x5bc720]
V  [libjvm.so+0x462c40]
V  [libjvm.so+0x463486]
V  [libjvm.so+0xa1eaa5]
V  [libjvm.so+0xa25e42]
V  [libjvm.so+0xa242e5]
V  [libjvm.so+0xa24773]
V  [libjvm.so+0xa24c42]
V  [libjvm.so+0x894e72]

VM_Operation (0x00007f265c1d6160): GenCollectForAllocation, mode: safepoint, requested by thread 0x00007f2638021800


---------------  P R O C E S S  ---------------

Java Threads: ( => current thread )
  0x00007f2634010000 JavaThread "communication thread" daemon [_thread_blocked, id=29292, stack(0x00007f2642c6e000,0x00007f2642d6f000)]
  0x00007f2638021800 JavaThread "LocalJobRunner Map Task Executor #0" [_thread_blocked, id=29291, stack(0x00007f265c0d7000,0x00007f265c1d8000)]
  0x00007f2658754800 JavaThread "Thread-12" [_thread_blocked, id=29290, stack(0x00007f265c713000,0x00007f265c814000)]
  0x00007f2658666000 JavaThread "process reaper" daemon [_thread_blocked, id=29266, stack(0x00007f265c814000,0x00007f265c84d000)]
  0x00007f26580db800 JavaThread "Service Thread" daemon [_thread_blocked, id=29262, stack(0x00007f265d2c3000,0x00007f265d3c4000)]
  0x00007f26580d8000 JavaThread "C1 CompilerThread1" daemon [_thread_blocked, id=29261, stack(0x00007f265d3c4000,0x00007f265d4c5000)]
  0x00007f26580d6000 JavaThread "C2 CompilerThread0" daemon [_thread_blocked, id=29260, stack(0x00007f265d4c5000,0x00007f265d5c6000)]
  0x00007f2630001000 JavaThread "JDWP Command Reader" daemon [_thread_in_native, id=29256, stack(0x00007f265d5c6000,0x00007f265d6c7000)]
  0x00007f26580d3800 JavaThread "JDWP Event Helper Thread" daemon [_thread_blocked, id=29255, stack(0x00007f265d6c7000,0x00007f265d7c8000)]
  0x00007f26580d0000 JavaThread "JDWP Transport Listener: dt_socket" daemon [_thread_blocked, id=29254, stack(0x00007f265d7c8000,0x00007f265d8c9000)]
  0x00007f26580b6800 JavaThread "Signal Dispatcher" daemon [_thread_blocked, id=29252, stack(0x00007f265db02000,0x00007f265dc03000)]
  0x00007f2658089000 JavaThread "Finalizer" daemon [_thread_blocked, id=29251, stack(0x00007f265dc03000,0x00007f265dd04000)]
  0x00007f2658087000 JavaThread "Reference Handler" daemon [_thread_blocked, id=29250, stack(0x00007f265dd04000,0x00007f265de05000)]
  0x00007f2658010000 JavaThread "main" [_thread_blocked, id=29248, stack(0x00007f265fbfb000,0x00007f265fcfc000)]

Other Threads:
=>0x00007f2658082000 VMThread [stack: 0x00007f265de05000,0x00007f265df06000] [id=29249]
  0x00007f26580de800 WatcherThread [stack: 0x00007f265d1c2000,0x00007f265d2c3000] [id=29263]

VM state:at safepoint (normal execution)

VM Mutex/Monitor currently owned by a thread:  ([mutex/lock_event])
[0x00007f265800d7b0] Threads_lock - owner thread: 0x00007f2658082000
[0x00007f265800dcb0] Heap_lock - owner thread: 0x00007f2638021800

Heap:
 def new generation   total 9280K, used 0K [0x00000000e2a00000, 0x00000000e3410000, 0x00000000ec6a0000)
  eden space 8256K,   0% used [0x00000000e2a00000, 0x00000000e2a00000, 0x00000000e3210000)
  from space 1024K,   0% used [0x00000000e3210000, 0x00000000e3210000, 0x00000000e3310000)
  to   space 1024K,   0% used [0x00000000e3310000, 0x00000000e3310000, 0x00000000e3410000)
 tenured generation   total 20480K, used 5744K [0x00000000ec6a0000, 0x00000000edaa0000, 0x0000000100000000)
   the space 20480K,  28% used [0x00000000ec6a0000, 0x00000000ecc3c3e8, 0x00000000ecc3c400, 0x00000000edaa0000)
 Metaspace       used 14025K, capacity 14264K, committed 14464K, reserved 1062912K
  class space    used 1475K, capacity 1550K, committed 1664K, reserved 1048576K

Card table byte_map: [0x00007f265eab6000,0x00007f265eba2000] byte_map_base: 0x00007f265e3a1000

Polling page: 0x00007f2660c1c000

CodeCache: size=245760Kb used=4957Kb max_used=4957Kb free=240802Kb
 bounds [0x00007f264316f000, 0x00007f264364f000, 0x00007f265216f000]
 total_blobs=1788 nmethods=1423 adapters=288
 compilation: enabled

Compilation events (10 events):
Event: 3.453 Thread 0x00007f26580d8000 1438  s    3       org.apache.hadoop.conf.Configuration::getProps (131 bytes)
Event: 3.454 Thread 0x00007f26580d8000 nmethod 1438 0x00007f2643643590 code [0x00007f2643643880, 0x00007f2643644d50]
Event: 3.454 Thread 0x00007f26580d8000 1436       3       java.util.regex.Matcher::group (112 bytes)
Event: 3.455 Thread 0x00007f26580d8000 nmethod 1436 0x00007f26436460d0 code [0x00007f2643646320, 0x00007f2643647098]
Event: 3.455 Thread 0x00007f26580d8000 1437       3       java.util.regex.Matcher::groupCount (10 bytes)
Event: 3.455 Thread 0x00007f26580d8000 nmethod 1437 0x00007f2643643210 code [0x00007f2643643380, 0x00007f26436434d0]
Event: 3.461 Thread 0x00007f26580d8000 1439       3       java.lang.AbstractStringBuilder::append (62 bytes)
Event: 3.461 Thread 0x00007f26580d8000 nmethod 1439 0x00007f26436476d0 code [0x00007f26436478a0, 0x00007f2643647f60]
Event: 3.463 Thread 0x00007f26580d8000 1440       3       java.util.WeakHashMap::get (77 bytes)
Event: 3.464 Thread 0x00007f26580d8000 nmethod 1440 0x00007f2643648350 code [0x00007f2643648540, 0x00007f2643648de0]

GC Heap History (10 events):
Event: 2.116 GC heap before
{Heap before GC invocations=2 (full 0):
 def new generation   total 9216K, used 9215K [0x00000000e2a00000, 0x00000000e3400000, 0x00000000ec6a0000)
  eden space 8192K, 100% used [0x00000000e2a00000, 0x00000000e3200000, 0x00000000e3200000)
  from space 1024K,  99% used [0x00000000e3200000, 0x00000000e32ffff8, 0x00000000e3300000)
  to   space 1024K,   0% used [0x00000000e3300000, 0x00000000e3300000, 0x00000000e3400000)
 tenured generation   total 20480K, used 2664K [0x00000000ec6a0000, 0x00000000edaa0000, 0x0000000100000000)
   the space 20480K,  13% used [0x00000000ec6a0000, 0x00000000ec93a250, 0x00000000ec93a400, 0x00000000edaa0000)
 Metaspace       used 10365K, capacity 10524K, committed 10624K, reserved 1058816K
  class space    used 1058K, capacity 1140K, committed 1152K, reserved 1048576K
Event: 2.122 GC heap after
Heap after GC invocations=3 (full 0):
 def new generation   total 9216K, used 1024K [0x00000000e2a00000, 0x00000000e3400000, 0x00000000ec6a0000)
  eden space 8192K,   0% used [0x00000000e2a00000, 0x00000000e2a00000, 0x00000000e3200000)
  from space 1024K, 100% used [0x00000000e3300000, 0x00000000e3400000, 0x00000000e3400000)
  to   space 1024K,   0% used [0x00000000e3200000, 0x00000000e3200000, 0x00000000e3300000)
 tenured generation   total 20480K, used 3375K [0x00000000ec6a0000, 0x00000000edaa0000, 0x0000000100000000)
   the space 20480K,  16% used [0x00000000ec6a0000, 0x00000000ec9ebc80, 0x00000000ec9ebe00, 0x00000000edaa0000)
 Metaspace       used 10365K, capacity 10524K, committed 10624K, reserved 1058816K
  class space    used 1058K, capacity 1140K, committed 1152K, reserved 1048576K
}
Event: 2.654 GC heap before
{Heap before GC invocations=3 (full 0):
 def new generation   total 9216K, used 9213K [0x00000000e2a00000, 0x00000000e3400000, 0x00000000ec6a0000)
  eden space 8192K,  99% used [0x00000000e2a00000, 0x00000000e31ff640, 0x00000000e3200000)
  from space 1024K, 100% used [0x00000000e3300000, 0x00000000e3400000, 0x00000000e3400000)
  to   space 1024K,   0% used [0x00000000e3200000, 0x00000000e3200000, 0x00000000e3300000)
 tenured generation   total 20480K, used 3375K [0x00000000ec6a0000, 0x00000000edaa0000, 0x0000000100000000)
   the space 20480K,  16% used [0x00000000ec6a0000, 0x00000000ec9ebc80, 0x00000000ec9ebe00, 0x00000000edaa0000)
 Metaspace       used 12058K, capacity 12320K, committed 12416K, reserved 1060864K
  class space    used 1258K, capacity 1354K, committed 1408K, reserved 1048576K
Event: 2.660 GC heap after
Heap after GC invocations=4 (full 0):
 def new generation   total 9216K, used 1024K [0x00000000e2a00000, 0x00000000e3400000, 0x00000000ec6a0000)
  eden space 8192K,   0% used [0x00000000e2a00000, 0x00000000e2a00000, 0x00000000e3200000)
  from space 1024K, 100% used [0x00000000e3200000, 0x00000000e3300000, 0x00000000e3300000)
  to   space 1024K,   0% used [0x00000000e3300000, 0x00000000e3300000, 0x00000000e3400000)
 tenured generation   total 20480K, used 4102K [0x00000000ec6a0000, 0x00000000edaa0000, 0x0000000100000000)
   the space 20480K,  20% used [0x00000000ec6a0000, 0x00000000ecaa1b20, 0x00000000ecaa1c00, 0x00000000edaa0000)
 Metaspace       used 12058K, capacity 12320K, committed 12416K, reserved 1060864K
  class space    used 1258K, capacity 1354K, committed 1408K, reserved 1048576K
}
Event: 3.046 GC heap before
{Heap before GC invocations=4 (full 0):
 def new generation   total 9216K, used 9216K [0x00000000e2a00000, 0x00000000e3400000, 0x00000000ec6a0000)
  eden space 8192K, 100% used [0x00000000e2a00000, 0x00000000e3200000, 0x00000000e3200000)
  from space 1024K, 100% used [0x00000000e3200000, 0x00000000e3300000, 0x00000000e3300000)
  to   space 1024K,   0% used [0x00000000e3300000, 0x00000000e3300000, 0x00000000e3400000)
 tenured generation   total 20480K, used 4102K [0x00000000ec6a0000, 0x00000000edaa0000, 0x0000000100000000)
   the space 20480K,  20% used [0x00000000ec6a0000, 0x00000000ecaa1b20, 0x00000000ecaa1c00, 0x00000000edaa0000)
 Metaspace       used 13109K, capacity 13368K, committed 13568K, reserved 1060864K
  class space    used 1366K, capacity 1422K, committed 1536K, reserved 1048576K
Event: 3.051 GC heap after
Heap after GC invocations=5 (full 0):
 def new generation   total 9216K, used 1023K [0x00000000e2a00000, 0x00000000e3400000, 0x00000000ec6a0000)
  eden space 8192K,   0% used [0x00000000e2a00000, 0x00000000e2a00000, 0x00000000e3200000)
  from space 1024K,  99% used [0x00000000e3300000, 0x00000000e33fff88, 0x00000000e3400000)
  to   space 1024K,   0% used [0x00000000e3200000, 0x00000000e3200000, 0x00000000e3300000)
 tenured generation   total 20480K, used 4696K [0x00000000ec6a0000, 0x00000000edaa0000, 0x0000000100000000)
   the space 20480K,  22% used [0x00000000ec6a0000, 0x00000000ecb36030, 0x00000000ecb36200, 0x00000000edaa0000)
 Metaspace       used 13109K, capacity 13368K, committed 13568K, reserved 1060864K
  class space    used 1366K, capacity 1422K, committed 1536K, reserved 1048576K
}
Event: 3.266 GC heap before
{Heap before GC invocations=5 (full 0):
 def new generation   total 9216K, used 9215K [0x00000000e2a00000, 0x00000000e3400000, 0x00000000ec6a0000)
  eden space 8192K, 100% used [0x00000000e2a00000, 0x00000000e3200000, 0x00000000e3200000)
  from space 1024K,  99% used [0x00000000e3300000, 0x00000000e33fff88, 0x00000000e3400000)
  to   space 1024K,   0% used [0x00000000e3200000, 0x00000000e3200000, 0x00000000e3300000)
 tenured generation   total 20480K, used 4696K [0x00000000ec6a0000, 0x00000000edaa0000, 0x0000000100000000)
   the space 20480K,  22% used [0x00000000ec6a0000, 0x00000000ecb36030, 0x00000000ecb36200, 0x00000000edaa0000)
 Metaspace       used 13420K, capacity 13688K, committed 13824K, reserved 1060864K
  class space    used 1401K, capacity 1486K, committed 1536K, reserved 1048576K
Event: 3.270 GC heap after
Heap after GC invocations=6 (full 0):
 def new generation   total 9216K, used 556K [0x00000000e2a00000, 0x00000000e3400000, 0x00000000ec6a0000)
  eden space 8192K,   0% used [0x00000000e2a00000, 0x00000000e2a00000, 0x00000000e3200000)
  from space 1024K,  54% used [0x00000000e3200000, 0x00000000e328b248, 0x00000000e3300000)
  to   space 1024K,   0% used [0x00000000e3300000, 0x00000000e3300000, 0x00000000e3400000)
 tenured generation   total 20480K, used 5379K [0x00000000ec6a0000, 0x00000000edaa0000, 0x0000000100000000)
   the space 20480K,  26% used [0x00000000ec6a0000, 0x00000000ecbe0c30, 0x00000000ecbe0e00, 0x00000000edaa0000)
 Metaspace       used 13420K, capacity 13688K, committed 13824K, reserved 1060864K
  class space    used 1401K, capacity 1486K, committed 1536K, reserved 1048576K
}
Event: 3.465 GC heap before
{Heap before GC invocations=6 (full 0):
 def new generation   total 9216K, used 6550K [0x00000000e2a00000, 0x00000000e3400000, 0x00000000ec6a0000)
  eden space 8192K,  73% used [0x00000000e2a00000, 0x00000000e2fda6c8, 0x00000000e3200000)
  from space 1024K,  54% used [0x00000000e3200000, 0x00000000e328b248, 0x00000000e3300000)
  to   space 1024K,   0% used [0x00000000e3300000, 0x00000000e3300000, 0x00000000e3400000)
 tenured generation   total 20480K, used 5379K [0x00000000ec6a0000, 0x00000000edaa0000, 0x0000000100000000)
   the space 20480K,  26% used [0x00000000ec6a0000, 0x00000000ecbe0c30, 0x00000000ecbe0e00, 0x00000000edaa0000)
 Metaspace       used 14025K, capacity 14264K, committed 14464K, reserved 1062912K
  class space    used 1475K, capacity 1550K, committed 1664K, reserved 1048576K
Event: 3.490 GC heap after
Heap after GC invocations=7 (full 1):
 def new generation   total 9280K, used 0K [0x00000000e2a00000, 0x00000000e3410000, 0x00000000ec6a0000)
  eden space 8256K,   0% used [0x00000000e2a00000, 0x00000000e2a00000, 0x00000000e3210000)
  from space 1024K,   0% used [0x00000000e3210000, 0x00000000e3210000, 0x00000000e3310000)
  to   space 1024K,   0% used [0x00000000e3310000, 0x00000000e3310000, 0x00000000e3410000)
 tenured generation   total 20480K, used 5744K [0x00000000ec6a0000, 0x00000000edaa0000, 0x0000000100000000)
   the space 20480K,  28% used [0x00000000ec6a0000, 0x00000000ecc3c3e8, 0x00000000ecc3c400, 0x00000000edaa0000)
 Metaspace       used 14025K, capacity 14264K, committed 14464K, reserved 1062912K
  class space    used 1475K, capacity 1550K, committed 1664K, reserved 1048576K
}

Deoptimization events (7 events):
Event: 0.560 Thread 0x00007f2658010000 Uncommon trap: reason=unstable_if action=reinterpret pc=0x00007f2643276844 method=java.lang.String.hashCode()I @ 14
Event: 0.679 Thread 0x00007f2658010000 Uncommon trap: reason=unstable_if action=reinterpret pc=0x00007f264329d220 method=java.lang.String.indexOf(II)I @ 49
Event: 1.331 Thread 0x00007f2658010000 Uncommon trap: reason=unstable_if action=reinterpret pc=0x00007f26433b8e74 method=com.sun.org.apache.xerces.internal.dom.DeferredDocumentImpl.clearChunkIndex([[III)I @ 47
Event: 1.445 Thread 0x00007f2658010000 Uncommon trap: reason=unstable_if action=reinterpret pc=0x00007f264340b860 method=java.util.HashMap.getNode(ILjava/lang/Object;)Ljava/util/HashMap$Node; @ 129
Event: 2.171 Thread 0x00007f2658010000 Uncommon trap: reason=unstable_if action=reinterpret pc=0x00007f264335e3bc method=java.lang.String.replace(CC)Ljava/lang/String; @ 26
Event: 2.342 Thread 0x00007f2658010000 Uncommon trap: reason=unstable_if action=reinterpret pc=0x00007f264341f458 method=java.io.UnixFileSystem.normalize(Ljava/lang/String;)Ljava/lang/String; @ 60
Event: 3.238 Thread 0x00007f2658754800 Uncommon trap: reason=unstable_if action=reinterpret pc=0x00007f2643404538 method=java.lang.AbstractStringBuilder.append(Ljava/lang/String;)Ljava/lang/AbstractStringBuilder; @ 1

Internal exceptions (10 events):
Event: 0.839 Thread 0x00007f2658010000 Exception <a 'java/lang/ClassNotFoundException': java/lang/ObjectBeanInfo> (0x00000000e2fad4f0) thrown at [/builddir/build/BUILD/java-1.8.0-openjdk-1.8.0.51-1.b16.el6_7.x86_64/openjdk/hotspot/src/share/vm/classfile/systemDictionary.cpp, line 210]
Event: 0.839 Thread 0x00007f2658010000 Exception <a 'java/lang/ClassNotFoundException': java/lang/ObjectCustomizer> (0x00000000e2fb5fb0) thrown at [/builddir/build/BUILD/java-1.8.0-openjdk-1.8.0.51-1.b16.el6_7.x86_64/openjdk/hotspot/src/share/vm/classfile/systemDictionary.cpp, line 210]
Event: 0.842 Thread 0x00007f2658010000 Exception <a 'java/lang/ArrayIndexOutOfBoundsException': 18> (0x00000000e2fb8828) thrown at [/builddir/build/BUILD/java-1.8.0-openjdk-1.8.0.51-1.b16.el6_7.x86_64/openjdk/hotspot/src/share/vm/interpreter/interpreterRuntime.cpp, line 366]
Event: 0.843 Thread 0x00007f2658010000 Exception <a 'java/lang/ArrayIndexOutOfBoundsException': 22> (0x00000000e2fbbb28) thrown at [/builddir/build/BUILD/java-1.8.0-openjdk-1.8.0.51-1.b16.el6_7.x86_64/openjdk/hotspot/src/share/vm/interpreter/interpreterRuntime.cpp, line 366]
Event: 0.846 Thread 0x00007f2658010000 Exception <a 'java/lang/ArrayIndexOutOfBoundsException'> (0x00000000e2fbdec8) thrown at [/builddir/build/BUILD/java-1.8.0-openjdk-1.8.0.51-1.b16.el6_7.x86_64/openjdk/hotspot/src/share/vm/runtime/sharedRuntime.cpp, line 605]
Event: 0.851 Thread 0x00007f2658010000 Exception <a 'java/lang/ClassNotFoundException': org/apache/log4j/LayoutCustomizer> (0x00000000e2fd42f8) thrown at [/builddir/build/BUILD/java-1.8.0-openjdk-1.8.0.51-1.b16.el6_7.x86_64/openjdk/hotspot/src/share/vm/classfile/systemDictionary.cpp, line 210]
Event: 0.853 Thread 0x00007f2658010000 Exception <a 'java/lang/ClassNotFoundException': org/apache/log4j/PatternLayoutCustomizer> (0x00000000e2ffd380) thrown at [/builddir/build/BUILD/java-1.8.0-openjdk-1.8.0.51-1.b16.el6_7.x86_64/openjdk/hotspot/src/share/vm/classfile/systemDictionary.cpp, li
Event: 2.069 Thread 0x00007f2658010000 Exception <a 'java/lang/NoSuchFieldError': method resolution failed> (0x00000000e31be980) thrown at [/builddir/build/BUILD/java-1.8.0-openjdk-1.8.0.51-1.b16.el6_7.x86_64/openjdk/hotspot/src/share/vm/prims/methodHandles.cpp, line 1125]
Event: 2.085 Thread 0x00007f2658010000 Exception <a 'java/lang/NoSuchFieldError': method resolution failed> (0x00000000e31cd2b0) thrown at [/builddir/build/BUILD/java-1.8.0-openjdk-1.8.0.51-1.b16.el6_7.x86_64/openjdk/hotspot/src/share/vm/prims/methodHandles.cpp, line 1125]
Event: 3.238 Thread 0x00007f2658754800 Implicit null exception at 0x00007f2643404076 to 0x00007f264340451d

Events (10 events):
Event: 3.463 Thread 0x00007f2638021800 DEOPT UNPACKING pc=0x00007f26431b5f73 sp=0x00007f265c1d2be0 mode 1
Event: 3.464 loading class org/apache/hadoop/util/HeapSort
Event: 3.464 loading class org/apache/hadoop/util/HeapSort done
Event: 3.464 Thread 0x00007f2638021800 DEOPT PACKING pc=0x00007f26433e819e sp=0x00007f265c1d46e0
Event: 3.464 Thread 0x00007f2638021800 DEOPT UNPACKING pc=0x00007f26431b5f73 sp=0x00007f265c1d4450 mode 1
Event: 3.464 Thread 0x00007f2638021800 DEOPT PACKING pc=0x00007f26432f2a7c sp=0x00007f265c1d4760
Event: 3.464 Thread 0x00007f2638021800 DEOPT UNPACKING pc=0x00007f26431b5f73 sp=0x00007f265c1d45a0 mode 1
Event: 3.464 Thread 0x00007f2638021800 DEOPT PACKING pc=0x00007f26432f281f sp=0x00007f265c1d48f0
Event: 3.464 Thread 0x00007f2638021800 DEOPT UNPACKING pc=0x00007f26431b5f73 sp=0x00007f265c1d4730 mode 1
Event: 3.465 Executing VM operation: GenCollectForAllocation


Dynamic libraries:
00400000-00401000 r-xp 00000000 ca:01 1194944                            /usr/lib/jvm/java-1.8.0-openjdk-1.8.0.51-1.b16.el6_7.x86_64/bin/java
00600000-00602000 rw-p 00000000 ca:01 1194944                            /usr/lib/jvm/java-1.8.0-openjdk-1.8.0.51-1.b16.el6_7.x86_64/bin/java
009d1000-01500000 rw-p 00000000 00:00 0                                  [heap]
e2a00000-e3410000 rw-p 00000000 00:00 0 
e3410000-ec6a0000 ---p 00000000 00:00 0 
ec6a0000-edaa0000 rw-p 00000000 00:00 0 
f3ea1000-100000000 ---p 00000000 00:00 0 
100000000-1001a0000 rw-p 00000000 00:00 0 
1001a0000-140000000 ---p 00000000 00:00 0 
3be3600000-3be3620000 r-xp 00000000 ca:01 262158                         /lib64/ld-2.12.so
3be381f000-3be3820000 r--p 0001f000 ca:01 262158                         /lib64/ld-2.12.so
3be3820000-3be3821000 rw-p 00020000 ca:01 262158                         /lib64/ld-2.12.so
3be3821000-3be3822000 rw-p 00000000 00:00 0 
3be3a00000-3be3a15000 r-xp 00000000 ca:01 262271                         /lib64/libz.so.1.2.3
3be3a15000-3be3c14000 ---p 00015000 ca:01 262271                         /lib64/libz.so.1.2.3
3be3c14000-3be3c15000 r--p 00014000 ca:01 262271                         /lib64/libz.so.1.2.3
3be3c15000-3be3c16000 rw-p 00015000 ca:01 262271                         /lib64/libz.so.1.2.3
3be3e00000-3be3f8a000 r-xp 00000000 ca:01 262162                         /lib64/libc-2.12.so
3be3f8a000-3be418a000 ---p 0018a000 ca:01 262162                         /lib64/libc-2.12.so
3be418a000-3be418e000 r--p 0018a000 ca:01 262162                         /lib64/libc-2.12.so
3be418e000-3be418f000 rw-p 0018e000 ca:01 262162                         /lib64/libc-2.12.so
3be418f000-3be4194000 rw-p 00000000 00:00 0 
3be4200000-3be4217000 r-xp 00000000 ca:01 262184                         /lib64/libpthread-2.12.so
3be4217000-3be4417000 ---p 00017000 ca:01 262184                         /lib64/libpthread-2.12.so
3be4417000-3be4418000 r--p 00017000 ca:01 262184                         /lib64/libpthread-2.12.so
3be4418000-3be4419000 rw-p 00018000 ca:01 262184                         /lib64/libpthread-2.12.so
3be4419000-3be441d000 rw-p 00000000 00:00 0 
3be4600000-3be4602000 r-xp 00000000 ca:01 262166                         /lib64/libdl-2.12.so
3be4602000-3be4802000 ---p 00002000 ca:01 262166                         /lib64/libdl-2.12.so
3be4802000-3be4803000 r--p 00002000 ca:01 262166                         /lib64/libdl-2.12.so
3be4803000-3be4804000 rw-p 00003000 ca:01 262166                         /lib64/libdl-2.12.so
3be4a00000-3be4a07000 r-xp 00000000 ca:01 262186                         /lib64/librt-2.12.so
3be4a07000-3be4c06000 ---p 00007000 ca:01 262186                         /lib64/librt-2.12.so
3be4c06000-3be4c07000 r--p 00006000 ca:01 262186                         /lib64/librt-2.12.so
3be4c07000-3be4c08000 rw-p 00007000 ca:01 262186                         /lib64/librt-2.12.so
3be4e00000-3be4e83000 r-xp 00000000 ca:01 262273                         /lib64/libm-2.12.so
3be4e83000-3be5082000 ---p 00083000 ca:01 262273                         /lib64/libm-2.12.so
3be5082000-3be5083000 r--p 00082000 ca:01 262273                         /lib64/libm-2.12.so
3be5083000-3be5084000 rw-p 00083000 ca:01 262273                         /lib64/libm-2.12.so
3df3c00000-3df3c0d000 r-xp 00000000 ca:01 1195060                        /usr/lib/jvm/java-1.8.0-openjdk-1.8.0.51-1.b16.el6_7.x86_64/lib/amd64/jli/libjli.so
3df3c0d000-3df3e0d000 ---p 0000d000 ca:01 1195060                        /usr/lib/jvm/java-1.8.0-openjdk-1.8.0.51-1.b16.el6_7.x86_64/lib/amd64/jli/libjli.so
3df3e0d000-3df3e0e000 rw-p 0000d000 ca:01 1195060                        /usr/lib/jvm/java-1.8.0-openjdk-1.8.0.51-1.b16.el6_7.x86_64/lib/amd64/jli/libjli.so
3eb2e00000-3eb2ee8000 r-xp 00000000 ca:01 1050074                        /usr/lib64/libstdc++.so.6.0.13
3eb2ee8000-3eb30e8000 ---p 000e8000 ca:01 1050074                        /usr/lib64/libstdc++.so.6.0.13
3eb30e8000-3eb30ef000 r--p 000e8000 ca:01 1050074                        /usr/lib64/libstdc++.so.6.0.13
3eb30ef000-3eb30f1000 rw-p 000ef000 ca:01 1050074                        /usr/lib64/libstdc++.so.6.0.13
3eb30f1000-3eb3106000 rw-p 00000000 00:00 0 
3eb3200000-3eb3216000 r-xp 00000000 ca:01 275094                         /lib64/libgcc_s-4.4.7-20120601.so.1
3eb3216000-3eb3415000 ---p 00016000 ca:01 275094                         /lib64/libgcc_s-4.4.7-20120601.so.1
3eb3415000-3eb3416000 rw-p 00015000 ca:01 275094                         /lib64/libgcc_s-4.4.7-20120601.so.1
7f2624000000-7f2624021000 rw-p 00000000 00:00 0 
7f2624021000-7f2628000000 ---p 00000000 00:00 0 
7f2628000000-7f2628926000 rw-p 00000000 00:00 0 
7f2628926000-7f262c000000 ---p 00000000 00:00 0 
7f262c000000-7f262c021000 rw-p 00000000 00:00 0 
7f262c021000-7f2630000000 ---p 00000000 00:00 0 
7f2630000000-7f2630021000 rw-p 00000000 00:00 0 
7f2630021000-7f2634000000 ---p 00000000 00:00 0 
7f2634000000-7f2634028000 rw-p 00000000 00:00 0 
7f2634028000-7f2638000000 ---p 00000000 00:00 0 
7f2638000000-7f2638029000 rw-p 00000000 00:00 0 
7f2638029000-7f263c000000 ---p 00000000 00:00 0 
7f263c000000-7f263c02c000 rw-p 00000000 00:00 0 
7f263c02c000-7f2640000000 ---p 00000000 00:00 0 
7f2642b6d000-7f2642b70000 ---p 00000000 00:00 0 
7f2642b70000-7f2642c6e000 rw-p 00000000 00:00 0 
7f2642c6e000-7f2642c71000 ---p 00000000 00:00 0 
7f2642c71000-7f2642def000 rw-p 00000000 00:00 0 
7f2642def000-7f2642f6f000 ---p 00000000 00:00 0 
7f2642f6f000-7f264316f000 rw-p 00000000 00:00 0 
7f264316f000-7f264364f000 rwxp 00000000 00:00 0 
7f264364f000-7f265216f000 ---p 00000000 00:00 0 
7f265216f000-7f2658000000 r--p 00000000 ca:01 1052128                    /usr/lib/locale/locale-archive
7f2658000000-7f265875d000 rw-p 00000000 00:00 0 
7f265875d000-7f265c000000 ---p 00000000 00:00 0 
7f265c0d6000-7f265c0d7000 rw-p 00000000 00:00 0 
7f265c0d7000-7f265c0da000 ---p 00000000 00:00 0 
7f265c0da000-7f265c1d8000 rw-p 00000000 00:00 0 
7f265c1d8000-7f265c1dd000 r--s 00308000 ca:01 1194868                    /usr/lib/jvm/java-1.8.0-openjdk-1.8.0.51-1.b16.el6_7.x86_64/jre/lib/charsets.jar
7f265c1dd000-7f265c1f0000 r--s 00345000 ca:01 1194915                    /usr/lib/jvm/java-1.8.0-openjdk-1.8.0.51-1.b16.el6_7.x86_64/jre/lib/resources.jar
7f265c1f0000-7f265c1f5000 r--s 00043000 ca:01 1194885                    /usr/lib/jvm/java-1.8.0-openjdk-1.8.0.51-1.b16.el6_7.x86_64/jre/lib/ext/sunjce_provider.jar
7f265c1f5000-7f265c4f5000 rw-p 00000000 00:00 0 
7f265c4f5000-7f265c50b000 r-xp 00000000 ca:01 1194852                    /usr/lib/jvm/java-1.8.0-openjdk-1.8.0.51-1.b16.el6_7.x86_64/jre/lib/amd64/libnet.so
7f265c50b000-7f265c70b000 ---p 00016000 ca:01 1194852                    /usr/lib/jvm/java-1.8.0-openjdk-1.8.0.51-1.b16.el6_7.x86_64/jre/lib/amd64/libnet.so
7f265c70b000-7f265c70c000 rw-p 00016000 ca:01 1194852                    /usr/lib/jvm/java-1.8.0-openjdk-1.8.0.51-1.b16.el6_7.x86_64/jre/lib/amd64/libnet.so
7f265c70c000-7f265c70f000 r--s 0003e000 ca:01 1194886                    /usr/lib/jvm/java-1.8.0-openjdk-1.8.0.51-1.b16.el6_7.x86_64/jre/lib/ext/sunpkcs11.jar
7f265c70f000-7f265c713000 r--s 000ad000 ca:01 1194902                    /usr/lib/jvm/java-1.8.0-openjdk-1.8.0.51-1.b16.el6_7.x86_64/jre/lib/jsse.jar
7f265c713000-7f265c716000 ---p 00000000 00:00 0 
7f265c716000-7f265c814000 rw-p 00000000 00:00 0 
7f265c814000-7f265c817000 ---p 00000000 00:00 0 
7f265c817000-7f265ca4d000 rw-p 00000000 00:00 0 
7f265ca4d000-7f265ca50000 r--s 00018000 ca:01 1194900                    /usr/lib/jvm/java-1.8.0-openjdk-1.8.0.51-1.b16.el6_7.x86_64/jre/lib/jce.jar
7f265ca50000-7f265ca51000 r-xp 00000000 ca:01 1194841                    /usr/lib/jvm/java-1.8.0-openjdk-1.8.0.51-1.b16.el6_7.x86_64/jre/lib/amd64/libjaas_unix.so
7f265ca51000-7f265cc50000 ---p 00001000 ca:01 1194841                    /usr/lib/jvm/java-1.8.0-openjdk-1.8.0.51-1.b16.el6_7.x86_64/jre/lib/amd64/libjaas_unix.so
7f265cc50000-7f265cc51000 rw-p 00000000 ca:01 1194841                    /usr/lib/jvm/java-1.8.0-openjdk-1.8.0.51-1.b16.el6_7.x86_64/jre/lib/amd64/libjaas_unix.so
7f265cc51000-7f265cc59000 r-xp 00000000 ca:01 1194850                    /usr/lib/jvm/java-1.8.0-openjdk-1.8.0.51-1.b16.el6_7.x86_64/jre/lib/amd64/libmanagement.so
7f265cc59000-7f265ce59000 ---p 00008000 ca:01 1194850                    /usr/lib/jvm/java-1.8.0-openjdk-1.8.0.51-1.b16.el6_7.x86_64/jre/lib/amd64/libmanagement.so
7f265ce59000-7f265ce5a000 rw-p 00008000 ca:01 1194850                    /usr/lib/jvm/java-1.8.0-openjdk-1.8.0.51-1.b16.el6_7.x86_64/jre/lib/amd64/libmanagement.so
7f265ce5a000-7f265ce76000 r--s 003b6000 ca:01 1194879                    /usr/lib/jvm/java-1.8.0-openjdk-1.8.0.51-1.b16.el6_7.x86_64/jre/lib/ext/cldrdata.jar
7f265ce76000-7f265ce7a000 r--s 00014000 ca:01 655792                     /home/lichunyue/hadoop/hadoop-2.2.0/share/hadoop/yarn/lib/xz-1.0.jar
7f265ce7a000-7f265ce7c000 r--s 000f2000 ca:01 655782                     /home/lichunyue/hadoop/hadoop-2.2.0/share/hadoop/yarn/lib/snappy-java-1.0.4.1.jar
7f265ce7c000-7f265ce84000 r--s 0007b000 ca:01 655775                     /home/lichunyue/hadoop/hadoop-2.2.0/share/hadoop/yarn/lib/protobuf-java-2.5.0.jar
7f265ce84000-7f265ce86000 r--s 00006000 ca:01 655793                     /home/lichunyue/hadoop/hadoop-2.2.0/share/hadoop/yarn/lib/paranamer-2.3.jar
7f265ce86000-7f265ce9d000 r--s 0010e000 ca:01 655777                     /home/lichunyue/hadoop/hadoop-2.2.0/share/hadoop/yarn/lib/netty-3.6.2.Final.jar
7f265ce9d000-7f265cea6000 r--s 0006f000 ca:01 655788                     /home/lichunyue/hadoop/hadoop-2.2.0/share/hadoop/yarn/lib/log4j-1.2.17.jar
7f265cea6000-7f265cead000 r--s 00037000 ca:01 655790                     /home/lichunyue/hadoop/hadoop-2.2.0/share/hadoop/yarn/lib/junit-4.10.jar
7f265cead000-7f265cebf000 r--s 0009d000 ca:01 655787                     /home/lichunyue/hadoop/hadoop-2.2.0/share/hadoop/yarn/lib/jersey-server-1.9.jar
7f265cebf000-7f265cec0000 r--s 00003000 ca:01 655789                     /home/lichunyue/hadoop/hadoop-2.2.0/share/hadoop/yarn/lib/jersey-guice-1.9.jar
7f265cec0000-7f265ceca000 r--s 00066000 ca:01 655796                     /home/lichunyue/hadoop/hadoop-2.2.0/share/hadoop/yarn/lib/jersey-core-1.9.jar
7f265ceca000-7f265cecb000 r--s 00000000 ca:01 655791                     /home/lichunyue/hadoop/hadoop-2.2.0/share/hadoop/yarn/lib/javax.inject-1.jar
7f265cecb000-7f265ced8000 r--s 00097000 ca:01 655781                     /home/lichunyue/hadoop/hadoop-2.2.0/share/hadoop/yarn/lib/jackson-mapper-asl-1.8.8.jar
7f265ced8000-7f265cedc000 r--s 00034000 ca:01 655785                     /home/lichunyue/hadoop/hadoop-2.2.0/share/hadoop/yarn/lib/jackson-core-asl-1.8.8.jar
7f265cedc000-7f265cede000 r--s 00011000 ca:01 655779                     /home/lichunyue/hadoop/hadoop-2.2.0/share/hadoop/yarn/lib/hamcrest-core-1.1.jar
7f265cede000-7f265cee0000 r--s 00003000 ca:01 655783                     /home/lichunyue/hadoop/hadoop-2.2.0/share/hadoop/yarn/lib/hadoop-annotations-2.2.0.jar
7f265cee0000-7f265cee2000 r--s 0000e000 ca:01 655776                     /home/lichunyue/hadoop/hadoop-2.2.0/share/hadoop/yarn/lib/guice-servlet-3.0.jar
7f265cee2000-7f265cef1000 r--s 0009f000 ca:01 655794                     /home/lichunyue/hadoop/hadoop-2.2.0/share/hadoop/yarn/lib/guice-3.0.jar
7f265cef1000-7f265cef4000 r--s 00025000 ca:01 655778                     /home/lichunyue/hadoop/hadoop-2.2.0/share/hadoop/yarn/lib/commons-io-2.1.jar
7f265cef4000-7f265cef9000 r--s 00036000 ca:01 655795                     /home/lichunyue/hadoop/hadoop-2.2.0/share/hadoop/yarn/lib/commons-compress-1.4.1.jar
7f265cef9000-7f265cf00000 r--s 00044000 ca:01 655784                     /home/lichunyue/hadoop/hadoop-2.2.0/share/hadoop/yarn/lib/avro-1.7.4.jar
7f265cf00000-7f265cf01000 r--s 0000a000 ca:01 655786                     /home/lichunyue/hadoop/hadoop-2.2.0/share/hadoop/yarn/lib/asm-3.2.jar
7f265cf01000-7f265cf03000 r--s 00000000 ca:01 655780                     /home/lichunyue/hadoop/hadoop-2.2.0/share/hadoop/yarn/lib/aopalliance-1.0.jar
7f265cf03000-7f265cf04000 r--s 00000000 ca:01 655773                     /home/lichunyue/hadoop/hadoop-2.2.0/share/hadoop/yarn/hadoop-yarn-site-2.2.0.jar
7f265cf04000-7f265cf06000 r--s 00005000 ca:01 655805                     /home/lichunyue/hadoop/hadoop-2.2.0/share/hadoop/yarn/hadoop-yarn-server-web-proxy-2.2.0.jar
7f265cf06000-7f265cf07000 r--s 00000000 ca:01 655804                     /home/lichunyue/hadoop/hadoop-2.2.0/share/hadoop/yarn/hadoop-yarn-server-tests-2.2.0.jar
7f265cf07000-7f265cf14000 r--s 0008a000 ca:01 655772                     /home/lichunyue/hadoop/hadoop-2.2.0/share/hadoop/yarn/hadoop-yarn-server-resourcemanager-2.2.0.jar
7f265cf14000-7f265cf1f000 r--s 00068000 ca:01 655803                     /home/lichunyue/hadoop/hadoop-2.2.0/share/hadoop/yarn/hadoop-yarn-server-nodemanager-2.2.0.jar
7f265cf1f000-7f265cf23000 r--s 00027000 ca:01 655825                     /home/lichunyue/hadoop/hadoop-2.2.0/share/hadoop/yarn/hadoop-yarn-server-common-2.2.0.jar
7f265cf23000-7f265cf35000 r--s 0012c000 ca:01 655799                     /home/lichunyue/hadoop/hadoop-2.2.0/share/hadoop/yarn/hadoop-yarn-common-2.2.0.jar
7f265cf35000-7f265cf38000 r--s 00015000 ca:01 655771                     /home/lichunyue/hadoop/hadoop-2.2.0/share/hadoop/yarn/hadoop-yarn-client-2.2.0.jar
7f265cf38000-7f265cf3a000 r--s 00002000 ca:01 655798                     /home/lichunyue/hadoop/hadoop-2.2.0/share/hadoop/yarn/hadoop-yarn-applications-unmanaged-am-launcher-2.2.0.jar
7f265cf3a000-7f265cf3b000 r--s 00007000 ca:01 655800                     /home/lichunyue/hadoop/hadoop-2.2.0/share/hadoop/yarn/hadoop-yarn-applications-distributedshell-2.2.0.jar
7f265cf3b000-7f265cf4c000 r--s 0010a000 ca:01 655797                     /home/lichunyue/hadoop/hadoop-2.2.0/share/hadoop/yarn/hadoop-yarn-api-2.2.0.jar
7f265cf4c000-7f265cf50000 r--s 00014000 ca:01 655871                     /home/lichunyue/hadoop/hadoop-2.2.0/share/hadoop/mapreduce/lib/xz-1.0.jar
7f265cf50000-7f265cf52000 r--s 000f2000 ca:01 655861                     /home/lichunyue/hadoop/hadoop-2.2.0/share/hadoop/mapreduce/lib/snappy-java-1.0.4.1.jar
7f265cf52000-7f265cf5a000 r--s 0007b000 ca:01 655854                     /home/lichunyue/hadoop/hadoop-2.2.0/share/hadoop/mapreduce/lib/protobuf-java-2.5.0.jar
7f265cf5a000-7f265cf5c000 r--s 00006000 ca:01 655872                     /home/lichunyue/hadoop/hadoop-2.2.0/share/hadoop/mapreduce/lib/paranamer-2.3.jar
7f265cf5c000-7f265cf73000 r--s 0010e000 ca:01 655856                     /home/lichunyue/hadoop/hadoop-2.2.0/share/hadoop/mapreduce/lib/netty-3.6.2.Final.jar
7f265cf73000-7f265cf7c000 r--s 0006f000 ca:01 655867                     /home/lichunyue/hadoop/hadoop-2.2.0/share/hadoop/mapreduce/lib/log4j-1.2.17.jar
7f265cf7c000-7f265cf83000 r--s 00037000 ca:01 655869                     /home/lichunyue/hadoop/hadoop-2.2.0/share/hadoop/mapreduce/lib/junit-4.10.jar
7f265cf83000-7f265cf95000 r--s 0009d000 ca:01 655866                     /home/lichunyue/hadoop/hadoop-2.2.0/share/hadoop/mapreduce/lib/jersey-server-1.9.jar
7f265cf95000-7f265cf96000 r--s 00003000 ca:01 655868                     /home/lichunyue/hadoop/hadoop-2.2.0/share/hadoop/mapreduce/lib/jersey-guice-1.9.jar
7f265cf96000-7f265cfa0000 r--s 00066000 ca:01 655875                     /home/lichunyue/hadoop/hadoop-2.2.0/share/hadoop/mapreduce/lib/jersey-core-1.9.jar
7f265cfa0000-7f265cfa1000 r--s 00000000 ca:01 655870                     /home/lichunyue/hadoop/hadoop-2.2.0/share/hadoop/mapreduce/lib/javax.inject-1.jar
7f265cfa1000-7f265cfae000 r--s 00097000 ca:01 655860                     /home/lichunyue/hadoop/hadoop-2.2.0/share/hadoop/mapreduce/lib/jackson-mapper-asl-1.8.8.jar
7f265cfae000-7f265cfb2000 r--s 00034000 ca:01 655864                     /home/lichunyue/hadoop/hadoop-2.2.0/share/hadoop/mapreduce/lib/jackson-core-asl-1.8.8.jar
7f265cfb2000-7f265cfb4000 r--s 00011000 ca:01 655858                     /home/lichunyue/hadoop/hadoop-2.2.0/share/hadoop/mapreduce/lib/hamcrest-core-1.1.jar
7f265cfb4000-7f265cfb6000 r--s 00003000 ca:01 655862                     /home/lichunyue/hadoop/hadoop-2.2.0/share/hadoop/mapreduce/lib/hadoop-annotations-2.2.0.jar
7f265cfb6000-7f265cfb8000 r--s 0000e000 ca:01 655855                     /home/lichunyue/hadoop/hadoop-2.2.0/share/hadoop/mapreduce/lib/guice-servlet-3.0.jar
7f265cfb8000-7f265cfc7000 r--s 0009f000 ca:01 655873                     /home/lichunyue/hadoop/hadoop-2.2.0/share/hadoop/mapreduce/lib/guice-3.0.jar
7f265cfc7000-7f265cfca000 r--s 00025000 ca:01 655857                     /home/lichunyue/hadoop/hadoop-2.2.0/share/hadoop/mapreduce/lib/commons-io-2.1.jar
7f265cfca000-7f265cfcf000 r--s 00036000 ca:01 655874                     /home/lichunyue/hadoop/hadoop-2.2.0/share/hadoop/mapreduce/lib/commons-compress-1.4.1.jar
7f265cfcf000-7f265cfd6000 r--s 00044000 ca:01 655863                     /home/lichunyue/hadoop/hadoop-2.2.0/share/hadoop/mapreduce/lib/avro-1.7.4.jar
7f265cfd6000-7f265cfd7000 r--s 0000a000 ca:01 655865                     /home/lichunyue/hadoop/hadoop-2.2.0/share/hadoop/mapreduce/lib/asm-3.2.jar
7f265cfd7000-7f265cfd9000 r--s 00000000 ca:01 655859                     /home/lichunyue/hadoop/hadoop-2.2.0/share/hadoop/mapreduce/lib/aopalliance-1.0.jar
7f265cfd9000-7f265cfde000 r--s 0003d000 ca:01 655877                     /home/lichunyue/hadoop/hadoop-2.2.0/share/hadoop/mapreduce/hadoop-mapreduce-examples-2.2.0.jar
7f265cfde000-7f265cfe0000 r--s 00004000 ca:01 655899                     /home/lichunyue/hadoop/hadoop-2.2.0/share/hadoop/mapreduce/hadoop-mapreduce-client-shuffle-2.2.0.jar
7f265cfe0000-7f265cff6000 r--s 00149000 ca:01 655902                     /home/lichunyue/hadoop/hadoop-2.2.0/share/hadoop/mapreduce/hadoop-mapreduce-client-jobclient-2.2.0-tests.jar
7f265cff6000-7f265cff7000 r--s 00008000 ca:01 655903                     /home/lichunyue/hadoop/hadoop-2.2.0/share/hadoop/mapreduce/hadoop-mapreduce-client-jobclient-2.2.0.jar
7f265cff7000-7f265cff8000 r--s 00000000 ca:01 655878                     /home/lichunyue/hadoop/hadoop-2.2.0/share/hadoop/mapreduce/hadoop-mapreduce-client-hs-plugins-2.2.0.jar
7f265cff8000-7f265cffb000 r--s 0001a000 ca:01 655898                     /home/lichunyue/hadoop/hadoop-2.2.0/share/hadoop/mapreduce/hadoop-mapreduce-client-hs-2.2.0.jar
7f265cffb000-7f265d013000 r--s 0014c000 ca:01 655896                     /home/lichunyue/hadoop/hadoop-2.2.0/share/hadoop/mapreduce/hadoop-mapreduce-client-core-2.2.0.jar
7f265d013000-7f265d01f000 r--s 00095000 ca:01 655876                     /home/lichunyue/hadoop/hadoop-2.2.0/share/hadoop/mapreduce/hadoop-mapreduce-client-common-2.2.0.jar
7f265d01f000-7f265d028000 r--s 0006d000 ca:01 655897                     /home/lichunyue/hadoop/hadoop-2.2.0/share/hadoop/mapreduce/hadoop-mapreduce-client-app-2.2.0.jar
7f265d028000-7f265d034000 r--s 000b3000 ca:01 655719                     /home/lichunyue/hadoop/hadoop-2.2.0/share/hadoop/common/lib/zookeeper-3.4.5.jar
7f265d034000-7f265d038000 r--s 00014000 ca:01 655729                     /home/lichunyue/hadoop/hadoop-2.2.0/share/hadoop/common/lib/xz-1.0.jar
7f265d038000-7f265d039000 r--s 00003000 ca:01 655737                     /home/lichunyue/hadoop/hadoop-2.2.0/share/hadoop/common/lib/xmlenc-0.52.jar
7f265d039000-7f265d03b000 r--s 00005000 ca:01 655715                     /home/lichunyue/hadoop/hadoop-2.2.0/share/hadoop/common/lib/stax-api-1.0.1.jar
7f265d03b000-7f265d03d000 r--s 000f2000 ca:01 655707                     /home/lichunyue/hadoop/hadoop-2.2.0/share/hadoop/common/lib/snappy-java-1.0.4.1.jar
7f265d03d000-7f265d03f000 r--s 00001000 ca:01 655746                     /home/lichunyue/hadoop/hadoop-2.2.0/share/hadoop/common/lib/slf4j-log4j12-1.7.5.jar
7f265d03f000-7f265d041000 r--s 00005000 ca:01 655740                     /home/lichunyue/hadoop/hadoop-2.2.0/share/hadoop/common/lib/slf4j-api-1.7.5.jar
7f265d041000-7f265d043000 r--s 00018000 ca:01 655723                     /home/lichunyue/hadoop/hadoop-2.2.0/share/hadoop/common/lib/servlet-api-2.5.jar
7f265d043000-7f265d04b000 r--s 0007b000 ca:01 655697                     /home/lichunyue/hadoop/hadoop-2.2.0/share/hadoop/common/lib/protobuf-java-2.5.0.jar
7f265d04b000-7f265d04d000 r--s 00006000 ca:01 655730                     /home/lichunyue/hadoop/hadoop-2.2.0/share/hadoop/common/lib/paranamer-2.3.jar
7f265d04d000-7f265d064000 r--s 0010e000 ca:01 655700                     /home/lichunyue/hadoop/hadoop-2.2.0/share/hadoop/common/lib/netty-3.6.2.Final.jar
7f265d064000-7f265d081000 r--s 0013e000 ca:01 655725                     /home/lichunyue/hadoop/hadoop-2.2.0/share/hadoop/common/lib/mockito-all-1.8.5.jar
7f265d081000-7f265d08a000 r--s 0006f000 ca:01 655718                     /home/lichunyue/hadoop/hadoop-2.2.0/share/hadoop/common/lib/log4j-1.2.17.jar
7f265d08a000-7f265d090000 r--s 00034000 ca:01 655703                     /home/lichunyue/hadoop/hadoop-2.2.0/share/hadoop/common/lib/junit-4.8.2.jar
7f265d090000-7f265d093000 r--s 00006000 ca:01 655736                     /home/lichunyue/hadoop/hadoop-2.2.0/share/hadoop/common/lib/jsr305-1.3.9.jar
7f265d093000-7f265d096000 r--s 00016000 ca:01 655732                     /home/lichunyue/hadoop/hadoop-2.2.0/share/hadoop/common/lib/jsp-api-2.1.jar
7f265d096000-7f265d099000 r--s 0002b000 ca:01 655695                     /home/lichunyue/hadoop/hadoop-2.2.0/share/hadoop/common/lib/jsch-0.1.42.jar
7f265d099000-7f265d09d000 r--s 00028000 ca:01 655739                     /home/lichunyue/hadoop/hadoop-2.2.0/share/hadoop/common/lib/jetty-util-6.1.26.jar
7f265d09d000-7f265d0a4000 r--s 0007d000 ca:01 655744                     /home/lichunyue/hadoop/hadoop-2.2.0/share/hadoop/common/lib/jetty-6.1.26.jar
7f265d0a4000-7f265d0a6000 r--s 0000f000 ca:01 655747                     /home/lichunyue/hadoop/hadoop-2.2.0/share/hadoop/common/lib/jettison-1.1.jar
7f265d0a6000-7f265d0ab000 r--s 0004a000 ca:01 655713                     /home/lichunyue/hadoop/hadoop-2.2.0/share/hadoop/common/lib/jets3t-0.6.1.jar
7f265d0ab000-7f265d0bd000 r--s 0009d000 ca:01 655717                     /home/lichunyue/hadoop/hadoop-2.2.0/share/hadoop/common/lib/jersey-server-1.9.jar
7f265d0bd000-7f265d0c1000 r--s 00021000 ca:01 655705                     /home/lichunyue/hadoop/hadoop-2.2.0/share/hadoop/common/lib/jersey-json-1.9.jar
7f265d0c1000-7f265d0cb000 r--s 00066000 ca:01 655743                     /home/lichunyue/hadoop/hadoop-2.2.0/share/hadoop/common/lib/jersey-core-1.9.jar
7f265d0cb000-7f265d0de000 r--s 000c7000 ca:01 655702                     /home/lichunyue/hadoop/hadoop-2.2.0/share/hadoop/common/lib/jaxb-impl-2.2.3-1.jar
7f265d0de000-7f265d0e1000 r--s 00017000 ca:01 655742                     /home/lichunyue/hadoop/hadoop-2.2.0/share/hadoop/common/lib/jaxb-api-2.2.2.jar
7f265d0e1000-7f265d0e3000 r--s 00011000 ca:01 655698                     /home/lichunyue/hadoop/hadoop-2.2.0/share/hadoop/common/lib/jasper-runtime-5.5.23.jar
7f265d0e3000-7f265d0e8000 r--s 0005f000 ca:01 655745                     /home/lichunyue/hadoop/hadoop-2.2.0/share/hadoop/common/lib/jasper-compiler-5.5.23.jar
7f265d0e8000-7f265d0e9000 r--s 00007000 ca:01 655696                     /home/lichunyue/hadoop/hadoop-2.2.0/share/hadoop/common/lib/jackson-xc-1.8.8.jar
7f265d0e9000-7f265d0f6000 r--s 00097000 ca:01 655706                     /home/lichunyue/hadoop/hadoop-2.2.0/share/hadoop/common/lib/jackson-mapper-asl-1.8.8.jar
7f265d0f6000-7f265d0f7000 r--s 00004000 ca:01 655710                     /home/lichunyue/hadoop/hadoop-2.2.0/share/hadoop/common/lib/jackson-jaxrs-1.8.8.jar
7f265d0f7000-7f265d0fb000 r--s 00034000 ca:01 655711                     /home/lichunyue/hadoop/hadoop-2.2.0/share/hadoop/common/lib/jackson-core-asl-1.8.8.jar
7f265d0fb000-7f265d0fd000 r--s 0000b000 ca:01 655731                     /home/lichunyue/hadoop/hadoop-2.2.0/share/hadoop/common/lib/hadoop-auth-2.2.0.jar
7f265d0fd000-7f265d0ff000 r--s 00003000 ca:01 655708                     /home/lichunyue/hadoop/hadoop-2.2.0/share/hadoop/common/lib/hadoop-annotations-2.2.0.jar
7f265d0ff000-7f265d120000 r--s 00172000 ca:01 655722                     /home/lichunyue/hadoop/hadoop-2.2.0/share/hadoop/common/lib/guava-11.0.2.jar
7f265d120000-7f265d125000 r--s 0003e000 ca:01 655734                     /home/lichunyue/hadoop/hadoop-2.2.0/share/hadoop/common/lib/commons-net-3.1.jar
7f265d125000-7f265d136000 r--s 000bb000 ca:01 655720                     /home/lichunyue/hadoop/hadoop-2.2.0/share/hadoop/common/lib/commons-math-2.1.jar
7f265d136000-7f265d138000 r--s 0000d000 ca:01 655727                     /home/lichunyue/hadoop/hadoop-2.2.0/share/hadoop/common/lib/commons-logging-1.1.1.jar
7f265d138000-7f265d13d000 r--s 00040000 ca:01 655724                     /home/lichunyue/hadoop/hadoop-2.2.0/share/hadoop/common/lib/commons-lang-2.5.jar
7f265d13d000-7f265d140000 r--s 00025000 ca:01 655701                     /home/lichunyue/hadoop/hadoop-2.2.0/share/hadoop/common/lib/commons-io-2.1.jar
7f265d140000-7f265d146000 r--s 00045000 ca:01 655733                     /home/lichunyue/hadoop/hadoop-2.2.0/share/hadoop/common/lib/commons-httpclient-3.1.jar
7f265d146000-7f265d149000 r--s 00019000 ca:01 655714                     /home/lichunyue/hadoop/hadoop-2.2.0/share/hadoop/common/lib/commons-el-1.0.jar
7f265d149000-7f265d14d000 r--s 00020000 ca:01 655735                     /home/lichunyue/hadoop/hadoop-2.2.0/share/hadoop/common/lib/commons-digester-1.8.jar
7f265d14d000-7f265d153000 r--s 00043000 ca:01 655726                     /home/lichunyue/hadoop/hadoop-2.2.0/share/hadoop/common/lib/commons-configuration-1.6.jar
7f265d153000-7f265d158000 r--s 00036000 ca:01 655738                     /home/lichunyue/hadoop/hadoop-2.2.0/share/hadoop/common/lib/commons-compress-1.4.1.jar
7f265d158000-7f265d166000 r--s 0007f000 ca:01 655741                     /home/lichunyue/hadoop/hadoop-2.2.0/share/hadoop/common/lib/commons-collections-3.2.1.jar
7f265d166000-7f265d168000 r--s 0000d000 ca:01 655721                     /home/lichunyue/hadoop/hadoop-2.2.0/share/hadoop/common/lib/commons-codec-1.4.jar
7f265d168000-7f265d16a000 r--s 00009000 ca:01 655728                     /home/lichunyue/hadoop/hadoop-2.2.0/share/hadoop/common/lib/commons-cli-1.2.jar
7f265d16a000-7f265d16e000 r--s 0002f000 ca:01 655699                     /home/lichunyue/hadoop/hadoop-2.2.0/share/hadoop/common/lib/commons-beanutils-core-1.8.0.jar
7f265d16e000-7f265d173000 r--s 0002a000 ca:01 655716                     /home/lichunyue/hadoop/hadoop-2.2.0/share/hadoop/common/lib/commons-beanutils-1.7.0.jar
7f265d173000-7f265d17a000 r--s 00044000 ca:01 655709                     /home/lichunyue/hadoop/hadoop-2.2.0/share/hadoop/common/lib/avro-1.7.4.jar
7f265d17a000-7f265d17b000 r--s 0000a000 ca:01 655712                     /home/lichunyue/hadoop/hadoop-2.2.0/share/hadoop/common/lib/asm-3.2.jar
7f265d17b000-7f265d17d000 r--s 0000e000 ca:01 655704                     /home/lichunyue/hadoop/hadoop-2.2.0/share/hadoop/common/lib/activation-1.1.jar
7f265d17d000-7f265d182000 r--s 0001e000 ca:01 655749                     /home/lichunyue/hadoop/hadoop-2.2.0/share/hadoop/common/hadoop-nfs-2.2.0.jar
7f265d182000-7f265d198000 r--s 00135000 ca:01 655755                     /home/lichunyue/hadoop/hadoop-2.2.0/share/hadoop/common/hadoop-common-2.2.0-tests.jar
7f265d198000-7f265d1c2000 r--s 00264000 ca:01 655748                     /home/lichunyue/hadoop/hadoop-2.2.0/share/hadoop/common/hadoop-common-2.2.0.jar
7f265d1c2000-7f265d1c3000 ---p 00000000 00:00 0 
7f265d1c3000-7f265d2c3000 rw-p 00000000 00:00 0 
7f265d2c3000-7f265d2c6000 ---p 00000000 00:00 0 
7f265d2c6000-7f265d3c4000 rw-p 00000000 00:00 0 
7f265d3c4000-7f265d3c7000 ---p 00000000 00:00 0 
7f265d3c7000-7f265d4c5000 rw-p 00000000 00:00 0 
7f265d4c5000-7f265d4c8000 ---p 00000000 00:00 0 
7f265d4c8000-7f265d5c6000 rw-p 00000000 00:00 0 
7f265d5c6000-7f265d5c9000 ---p 00000000 00:00 0 
7f265d5c9000-7f265d6c7000 rw-p 00000000 00:00 0 
7f265d6c7000-7f265d6ca000 ---p 00000000 00:00 0 
7f265d6ca000-7f265d7c8000 rw-p 00000000 00:00 0 
7f265d7c8000-7f265d7cb000 ---p 00000000 00:00 0 
7f265d7cb000-7f265d8c9000 rw-p 00000000 00:00 0 
7f265d8c9000-7f265d8fe000 r--s 00000000 ca:01 786460                     /var/db/nscd/hosts
7f265d8fe000-7f265d902000 r-xp 00000000 ca:01 1194834                    /usr/lib/jvm/java-1.8.0-openjdk-1.8.0.51-1.b16.el6_7.x86_64/jre/lib/amd64/libdt_socket.so
7f265d902000-7f265db01000 ---p 00004000 ca:01 1194834                    /usr/lib/jvm/java-1.8.0-openjdk-1.8.0.51-1.b16.el6_7.x86_64/jre/lib/amd64/libdt_socket.so
7f265db01000-7f265db02000 rw-p 00003000 ca:01 1194834                    /usr/lib/jvm/java-1.8.0-openjdk-1.8.0.51-1.b16.el6_7.x86_64/jre/lib/amd64/libdt_socket.so
7f265db02000-7f265db05000 ---p 00000000 00:00 0 
7f265db05000-7f265dc03000 rw-p 00000000 00:00 0 
7f265dc03000-7f265dc06000 ---p 00000000 00:00 0 
7f265dc06000-7f265dd04000 rw-p 00000000 00:00 0 
7f265dd04000-7f265dd07000 ---p 00000000 00:00 0 
7f265dd07000-7f265de05000 rw-p 00000000 00:00 0 
7f265de05000-7f265de06000 ---p 00000000 00:00 0 
7f265de06000-7f265df53000 rw-p 00000000 00:00 0 
7f265df53000-7f265e120000 r--s 043aa000 ca:01 1194916                    /usr/lib/jvm/java-1.8.0-openjdk-1.8.0.51-1.b16.el6_7.x86_64/jre/lib/rt.jar
7f265e120000-7f265ea19000 rw-p 00000000 00:00 0 
7f265ea19000-7f265ea24000 rw-p 00000000 00:00 0 
7f265ea24000-7f265eab6000 ---p 00000000 00:00 0 
7f265eab6000-7f265eabc000 rw-p 00000000 00:00 0 
7f265eabc000-7f265eb04000 ---p 00000000 00:00 0 
7f265eb04000-7f265eb0f000 rw-p 00000000 00:00 0 
7f265eb0f000-7f265eba1000 ---p 00000000 00:00 0 
7f265eba1000-7f265ebb6000 rw-p 00000000 00:00 0 
7f265ebb6000-7f265ef62000 ---p 00000000 00:00 0 
7f265ef62000-7f265ef6a000 r-xp 00000000 ca:01 1194859                    /usr/lib/jvm/java-1.8.0-openjdk-1.8.0.51-1.b16.el6_7.x86_64/jre/lib/amd64/libzip.so
7f265ef6a000-7f265f169000 ---p 00008000 ca:01 1194859                    /usr/lib/jvm/java-1.8.0-openjdk-1.8.0.51-1.b16.el6_7.x86_64/jre/lib/amd64/libzip.so
7f265f169000-7f265f16a000 rw-p 00007000 ca:01 1194859                    /usr/lib/jvm/java-1.8.0-openjdk-1.8.0.51-1.b16.el6_7.x86_64/jre/lib/amd64/libzip.so
7f265f16a000-7f265f176000 r-xp 00000000 ca:01 262213                     /lib64/libnss_files-2.12.so
7f265f176000-7f265f376000 ---p 0000c000 ca:01 262213                     /lib64/libnss_files-2.12.so
7f265f376000-7f265f377000 r--p 0000c000 ca:01 262213                     /lib64/libnss_files-2.12.so
7f265f377000-7f265f378000 rw-p 0000d000 ca:01 262213                     /lib64/libnss_files-2.12.so
7f265f378000-7f265f383000 r--s 0011c000 ca:01 1194881                    /usr/lib/jvm/java-1.8.0-openjdk-1.8.0.51-1.b16.el6_7.x86_64/jre/lib/ext/localedata.jar
7f265f383000-7f265f385000 r-xp 00000000 ca:01 1194854                    /usr/lib/jvm/java-1.8.0-openjdk-1.8.0.51-1.b16.el6_7.x86_64/jre/lib/amd64/libnpt.so
7f265f385000-7f265f585000 ---p 00002000 ca:01 1194854                    /usr/lib/jvm/java-1.8.0-openjdk-1.8.0.51-1.b16.el6_7.x86_64/jre/lib/amd64/libnpt.so
7f265f585000-7f265f586000 rw-p 00002000 ca:01 1194854                    /usr/lib/jvm/java-1.8.0-openjdk-1.8.0.51-1.b16.el6_7.x86_64/jre/lib/amd64/libnpt.so
7f265f586000-7f265f5c0000 r-xp 00000000 ca:01 1194846                    /usr/lib/jvm/java-1.8.0-openjdk-1.8.0.51-1.b16.el6_7.x86_64/jre/lib/amd64/libjdwp.so
7f265f5c0000-7f265f7bf000 ---p 0003a000 ca:01 1194846                    /usr/lib/jvm/java-1.8.0-openjdk-1.8.0.51-1.b16.el6_7.x86_64/jre/lib/amd64/libjdwp.so
7f265f7bf000-7f265f7c1000 rw-p 00039000 ca:01 1194846                    /usr/lib/jvm/java-1.8.0-openjdk-1.8.0.51-1.b16.el6_7.x86_64/jre/lib/amd64/libjdwp.so
7f265f7c1000-7f265f7eb000 r-xp 00000000 ca:01 1194842                    /usr/lib/jvm/java-1.8.0-openjdk-1.8.0.51-1.b16.el6_7.x86_64/jre/lib/amd64/libjava.so
7f265f7eb000-7f265f9ea000 ---p 0002a000 ca:01 1194842                    /usr/lib/jvm/java-1.8.0-openjdk-1.8.0.51-1.b16.el6_7.x86_64/jre/lib/amd64/libjava.so
7f265f9ea000-7f265f9ec000 rw-p 00029000 ca:01 1194842                    /usr/lib/jvm/java-1.8.0-openjdk-1.8.0.51-1.b16.el6_7.x86_64/jre/lib/amd64/libjava.so
7f265f9ec000-7f265f9f9000 r-xp 00000000 ca:01 1194858                    /usr/lib/jvm/java-1.8.0-openjdk-1.8.0.51-1.b16.el6_7.x86_64/jre/lib/amd64/libverify.so
7f265f9f9000-7f265fbf9000 ---p 0000d000 ca:01 1194858                    /usr/lib/jvm/java-1.8.0-openjdk-1.8.0.51-1.b16.el6_7.x86_64/jre/lib/amd64/libverify.so
7f265fbf9000-7f265fbfb000 rw-p 0000d000 ca:01 1194858                    /usr/lib/jvm/java-1.8.0-openjdk-1.8.0.51-1.b16.el6_7.x86_64/jre/lib/amd64/libverify.so
7f265fbfb000-7f265fbfe000 ---p 00000000 00:00 0 
7f265fbfe000-7f265fcfc000 rw-p 00000000 00:00 0 
7f265fcfc000-7f2660911000 r-xp 00000000 ca:01 1194863                    /usr/lib/jvm/java-1.8.0-openjdk-1.8.0.51-1.b16.el6_7.x86_64/jre/lib/amd64/server/libjvm.so
7f2660911000-7f2660b11000 ---p 00c15000 ca:01 1194863                    /usr/lib/jvm/java-1.8.0-openjdk-1.8.0.51-1.b16.el6_7.x86_64/jre/lib/amd64/server/libjvm.so
7f2660b11000-7f2660bde000 rw-p 00c15000 ca:01 1194863                    /usr/lib/jvm/java-1.8.0-openjdk-1.8.0.51-1.b16.el6_7.x86_64/jre/lib/amd64/server/libjvm.so
7f2660bde000-7f2660c12000 rw-p 00000000 00:00 0 
7f2660c12000-7f2660c13000 r--s 00007000 ca:01 1194884                    /usr/lib/jvm/java-1.8.0-openjdk-1.8.0.51-1.b16.el6_7.x86_64/jre/lib/ext/sunec.jar
7f2660c13000-7f2660c1b000 rw-s 00000000 ca:01 408216                     /tmp/hsperfdata_root/29241
7f2660c1b000-7f2660c1c000 rw-p 00000000 00:00 0 
7f2660c1c000-7f2660c1d000 ---p 00000000 00:00 0 
7f2660c1d000-7f2660c1e000 rw-p 00000000 00:00 0 
7fff2a51d000-7fff2a535000 rw-p 00000000 00:00 0                          [stack]
7fff2a5ff000-7fff2a600000 r-xp 00000000 00:00 0                          [vdso]
ffffffffff600000-ffffffffff601000 r-xp 00000000 00:00 0                  [vsyscall]

VM Arguments:
jvm_args: -agentlib:jdwp=transport=dt_socket,suspend=y,address=localhost:49312 -Dfile.encoding=UTF-8 
java_command: com.yueye.WordCount /mnt/test_in /mnt/test_out
java_class_path (initial): /mnt/homework/HadoopExample/bin:/home/lichunyue/hadoop/hadoop-2.2.0/share/hadoop/common/hadoop-common-2.2.0.jar:/home/lichunyue/hadoop/hadoop-2.2.0/share/hadoop/common/hadoop-common-2.2.0-tests.jar:/home/lichunyue/hadoop/hadoop-2.2.0/share/hadoop/common/hadoop-nfs-2.2.0.jar:/home/lichunyue/hadoop/hadoop-2.2.0/share/hadoop/common/lib/activation-1.1.jar:/home/lichunyue/hadoop/hadoop-2.2.0/share/hadoop/common/lib/asm-3.2.jar:/home/lichunyue/hadoop/hadoop-2.2.0/share/hadoop/common/lib/avro-1.7.4.jar:/home/lichunyue/hadoop/hadoop-2.2.0/share/hadoop/common/lib/commons-beanutils-1.7.0.jar:/home/lichunyue/hadoop/hadoop-2.2.0/share/hadoop/common/lib/commons-beanutils-core-1.8.0.jar:/home/lichunyue/hadoop/hadoop-2.2.0/share/hadoop/common/lib/commons-cli-1.2.jar:/home/lichunyue/hadoop/hadoop-2.2.0/share/hadoop/common/lib/commons-codec-1.4.jar:/home/lichunyue/hadoop/hadoop-2.2.0/share/hadoop/common/lib/commons-collections-3.2.1.jar:/home/lichunyue/hadoop/hadoop-2.2.0/share/hadoop/common/lib/commons-compress-1.4.1.jar:/home/lichunyue/hadoop/hadoop-2.2.0/share/hadoop/common/lib/commons-configuration-1.6.jar:/home/lichunyue/hadoop/hadoop-2.2.0/share/hadoop/common/lib/commons-digester-1.8.jar:/home/lichunyue/hadoop/hadoop-2.2.0/share/hadoop/common/lib/commons-el-1.0.jar:/home/lichunyue/hadoop/hadoop-2.2.0/share/hadoop/common/lib/commons-httpclient-3.1.jar:/home/lichunyue/hadoop/hadoop-2.2.0/share/hadoop/common/lib/commons-io-2.1.jar:/home/lichunyue/hadoop/hadoop-2.2.0/share/hadoop/common/lib/commons-lang-2.5.jar:/home/lichunyue/hadoop/hadoop-2.2.0/share/hadoop/common/lib/commons-logging-1.1.1.jar:/home/lichunyue/hadoop/hadoop-2.2.0/share/hadoop/common/lib/commons-math-2.1.jar:/home/lichunyue/hadoop/hadoop-2.2.0/share/hadoop/common/lib/commons-net-3.1.jar:/home/lichunyue/hadoop/hadoop-2.2.0/share/hadoop/common/lib/guava-11.0.2.jar:/home/lichunyue/hadoop/hadoop-2.2.0/share/hadoop/common/lib/hadoop-annotations-2.2.0.jar:/home/lichunyue/hadoop/hadoop-2.2.0/
Launcher Type: SUN_STANDARD

Environment Variables:
PATH=/bin:/usr/bin:/usr/X11R6/bin:/usr/local/bin
SHELL=/bin/bash
DISPLAY=:10.0

Signal Handlers:
SIGSEGV: [libjvm.so+0xa1e500], sa_mask[0]=11111111011111111101111111111110, sa_flags=SA_RESTART|SA_SIGINFO
SIGBUS: [libjvm.so+0xa1e500], sa_mask[0]=11111111011111111101111111111110, sa_flags=SA_RESTART|SA_SIGINFO
SIGFPE: [libjvm.so+0x88e200], sa_mask[0]=11111111011111111101111111111110, sa_flags=SA_RESTART|SA_SIGINFO
SIGPIPE: [libjvm.so+0x88e200], sa_mask[0]=11111111011111111101111111111110, sa_flags=SA_RESTART|SA_SIGINFO
SIGXFSZ: [libjvm.so+0x88e200], sa_mask[0]=11111111011111111101111111111110, sa_flags=SA_RESTART|SA_SIGINFO
SIGILL: [libjvm.so+0x88e200], sa_mask[0]=11111111011111111101111111111110, sa_flags=SA_RESTART|SA_SIGINFO
SIGUSR1: SIG_DFL, sa_mask[0]=00000000000000000000000000000000, sa_flags=none
SIGUSR2: [libjvm.so+0x88f6f0], sa_mask[0]=00100000000000000000000000000000, sa_flags=SA_RESTART|SA_SIGINFO
SIGHUP: [libjvm.so+0x890d30], sa_mask[0]=11111111011111111101111111111110, sa_flags=SA_RESTART|SA_SIGINFO
SIGINT: [libjvm.so+0x890d30], sa_mask[0]=11111111011111111101111111111110, sa_flags=SA_RESTART|SA_SIGINFO
SIGTERM: [libjvm.so+0x890d30], sa_mask[0]=11111111011111111101111111111110, sa_flags=SA_RESTART|SA_SIGINFO
SIGQUIT: [libjvm.so+0x890d30], sa_mask[0]=11111111011111111101111111111110, sa_flags=SA_RESTART|SA_SIGINFO


---------------  S Y S T E M  ---------------

OS:CentOS release 6.5 (Final)

uname:Linux 2.6.32-431.23.3.el6.x86_64 #1 SMP Thu Jul 31 17:20:51 UTC 2014 x86_64
libc:glibc 2.12 NPTL 2.12 
rlimit: STACK 10240k, CORE 0k, NPROC 14846, NOFILE 65535, AS infinity
load average:0.32 0.08 0.02

/proc/meminfo:
MemTotal:        1920740 kB
MemFree:           53236 kB
Buffers:            5980 kB
Cached:            72372 kB
SwapCached:            0 kB
Active:          1746644 kB
Inactive:          26848 kB
Active(anon):    1693256 kB
Inactive(anon):     6184 kB
Active(file):      53388 kB
Inactive(file):    20664 kB
Unevictable:           0 kB
Mlocked:               0 kB
SwapTotal:             0 kB
SwapFree:              0 kB
Dirty:               272 kB
Writeback:             0 kB
AnonPages:       1695212 kB
Mapped:            50992 kB
Shmem:              4288 kB
Slab:              42328 kB
SReclaimable:      14184 kB
SUnreclaim:        28144 kB
KernelStack:        5912 kB
PageTables:        23068 kB
NFS_Unstable:          0 kB
Bounce:                0 kB
WritebackTmp:          0 kB
CommitLimit:      960368 kB
Committed_AS:    3238348 kB
VmallocTotal:   34359738367 kB
VmallocUsed:       11064 kB
VmallocChunk:   34359725180 kB
HardwareCorrupted:     0 kB
AnonHugePages:    735232 kB
HugePages_Total:       0
HugePages_Free:        0
HugePages_Rsvd:        0
HugePages_Surp:        0
Hugepagesize:       2048 kB
DirectMap4k:        6144 kB
DirectMap2M:     2091008 kB


CPU:total 1 (32 cores per cpu, 2 threads per core) family 6 model 62 stepping 4, cmov, cx8, fxsr, mmx, sse, sse2, sse3, ssse3, sse4.1, sse4.2, popcnt, aes, ht, tsc

/proc/cpuinfo:
processor	: 0
vendor_id	: GenuineIntel
cpu family	: 6
model		: 62
model name	: Intel(R) Xeon(R) CPU E5-2650 v2 @ 2.60GHz
stepping	: 4
cpu MHz		: 2594.034
cache size	: 20480 KB
physical id	: 0
siblings	: 1
core id		: 0
cpu cores	: 1
apicid		: 0
initial apicid	: 0
fpu		: yes
fpu_exception	: yes
cpuid level	: 13
wp		: yes
flags		: fpu vme de pse tsc msr pae mce cx8 apic sep mtrr pge mca cmov pat clflush mmx fxsr sse sse2 ht syscall nx lm up rep_good unfair_spinlock pni ssse3 cx16 sse4_1 sse4_2 popcnt aes hypervisor lahf_lm
bogomips	: 5188.06
clflush size	: 64
cache_alignment	: 64
address sizes	: 46 bits physical, 48 bits virtual
power management:



Memory: 4k page, physical 1920740k(53236k free), swap 0k(0k free)

vm_info: OpenJDK 64-Bit Server VM (25.51-b03) for linux-amd64 JRE (1.8.0_51-b16), built on Jul 25 2015 14:54:36 by "mockbuild" with gcc 4.4.7 20120313 (Red Hat 4.4.7-16)

time: Sat Oct  3 17:22:28 2015
elapsed time: 3 seconds (0d 0h 0m 3s)

